[2023-07-15 11:31:50,716] numexpr.utils - INFO - NumExpr defaulting to 8 threads.
[2023-07-15 11:31:54,889] root - INFO - Training pipleine config: TrainingPipelineConfig(artifact_dir='C:\\Users\\Sumeet Maheshwari\\Desktop\\end to end project\\sales_store\\Store_sales_forcasting_Timeseries\\Sales_Forecasting_Artifact\\Artifact')
[2023-07-15 11:31:54,890] root - INFO - Data Ingestion Config : DataIngestionConfig(dataset_download_url='https://github.com/sumeet0701/data-dump/blob/main/outlier_clean.zip?raw=true', tgz_download_dir='C:\\Users\\Sumeet Maheshwari\\Desktop\\end to end project\\sales_store\\Store_sales_forcasting_Timeseries\\Sales_Forecasting_Artifact\\Artifact\\data_ingestion\\2023-07-15-11-31-50\\tgz_data', raw_data_dir='C:\\Users\\Sumeet Maheshwari\\Desktop\\end to end project\\sales_store\\Store_sales_forcasting_Timeseries\\Sales_Forecasting_Artifact\\Artifact\\data_ingestion\\2023-07-15-11-31-50\\raw_data', ingested_data_dir='C:\\Users\\Sumeet Maheshwari\\Desktop\\end to end project\\sales_store\\Store_sales_forcasting_Timeseries\\Sales_Forecasting_Artifact\\Artifact\\data_ingestion\\2023-07-15-11-31-50\\ingested_data') 
[2023-07-15 11:31:54,890] root - INFO - 
******************** Data Ingestion log started ********************

[2023-07-15 11:31:54,895] root - INFO - Connection with DB created successfully!!!
[2023-07-15 11:31:54,895] root - INFO - Downloading file from: [https://github.com/sumeet0701/data-dump/blob/main/outlier_clean.zip?raw=true] into : [C:\Users\Sumeet Maheshwari\Desktop\end to end project\sales_store\Store_sales_forcasting_Timeseries\Sales_Forecasting_Artifact\Artifact\data_ingestion\2023-07-15-11-31-50\tgz_data\store_sales.zip]
[2023-07-15 11:32:13,877] root - INFO - File: [C:\Users\Sumeet Maheshwari\Desktop\end to end project\sales_store\Store_sales_forcasting_Timeseries\Sales_Forecasting_Artifact\Artifact\data_ingestion\2023-07-15-11-31-50\tgz_data\store_sales.zip] has been downloaded successfully
[2023-07-15 11:32:13,877] root - INFO - Extracting zipped file : [C:\Users\Sumeet Maheshwari\Desktop\end to end project\sales_store\Store_sales_forcasting_Timeseries\Sales_Forecasting_Artifact\Artifact\data_ingestion\2023-07-15-11-31-50\tgz_data\store_sales.zip] into dir: [C:\Users\Sumeet Maheshwari\Desktop\end to end project\sales_store\Store_sales_forcasting_Timeseries\Sales_Forecasting_Artifact\Artifact\data_ingestion\2023-07-15-11-31-50\raw_data]
[2023-07-15 11:32:14,912] root - INFO - Extraction completed successfully
[2023-07-15 11:32:57,685] root - INFO - Inserting file: [outlier_clean.csv] into DB
[2023-07-15 11:32:57,685] root - INFO - Fetching entire data from DB
[2023-07-15 11:32:57,685] root - INFO - Entire data fetched successfully from DB!!!
[2023-07-15 11:32:57,686] root - INFO - Splitting Dataset into train and test
[2023-07-15 11:32:57,686] root - INFO - Index(['date', 'store_nbr', 'family', 'sales', 'onpromotion', 'holiday_type',
       'locale', 'locale_name', 'description', 'transferred', 'oil_price',
       'city', 'state', 'store_type', 'cluster', 'transactions', 'year',
       'month', 'week', 'quarter', 'day_of_week'],
      dtype='object')
[2023-07-15 11:32:57,686] root - INFO - Inserting new Training Data into DB
[2023-07-15 11:32:57,686] root - INFO - Exporting training dataset to file: [C:\Users\Sumeet Maheshwari\Desktop\end to end project\sales_store\Store_sales_forcasting_Timeseries\Sales_Forecasting_Artifact\Artifact\data_ingestion\2023-07-15-11-31-50\ingested_data\outlier_clean.csv]
[2023-07-15 11:33:17,567] root - INFO - Data Ingestion Artifact: [DataIngestionArtifact(Ingestion_file_path='C:\\Users\\Sumeet Maheshwari\\Desktop\\end to end project\\sales_store\\Store_sales_forcasting_Timeseries\\Sales_Forecasting_Artifact\\Artifact\\data_ingestion\\2023-07-15-11-31-50\\ingested_data\\outlier_clean.csv', is_ingested=True, message='Data ingestion completed successfully')]
[2023-07-15 11:33:18,644] root - INFO - 
******************** Data Ingestion log completed ********************

[2023-07-15 11:33:18,645] root - INFO - >>>>>>>>>>>>>>>>>>>>>>>>>>>>>>>>>>>>>>>>>>>>>>>>>>>>>>>>>>>>Data Validation log started.<<<<<<<<<<<<<<<<<<<<<<<<<<<<<<<<<<<<<<<<<<<<<<<<<<<<<<<<<<<< 


[2023-07-15 11:33:18,645] root - INFO - *****************Ingested data validation Started****************
[2023-07-15 11:33:18,650] root - INFO - Validation Process Started
[2023-07-15 11:33:18,650] root - INFO - Checking filename
[2023-07-15 11:33:18,650] root - INFO - Checking check_column_names
[2023-07-15 11:33:25,115] root - INFO - Checking missing_values_whole_columns
[2023-07-15 11:33:31,846] root - INFO - Checking replacinig_null_values_with_null
[2023-07-15 11:33:41,136] root - INFO - replacinig_null_values_with_null is sucessfully
[2023-07-15 11:33:41,224] root - INFO - Train_set status|is Train filename validated?: True|is train column name validated?: True|whole missing columns?True
[2023-07-15 11:33:41,465] root - INFO - Exported validated  dataset to file: [C:\Users\Sumeet Maheshwari\Desktop\end to end project\sales_store\Store_sales_forcasting_Timeseries\Sales_Forecasting_Artifact\Artifact\data_validation\2023-07-15-11-31-50\validated_data]
[2023-07-15 11:33:41,465] root - INFO - Data validation artifact: DataValidationArtifact(schema_file_path='C:\\Users\\Sumeet Maheshwari\\Desktop\\end to end project\\sales_store\\Store_sales_forcasting_Timeseries\\config\\schema.yaml', message='Validated', validated_file_path='C:\\Users\\Sumeet Maheshwari\\Desktop\\end to end project\\sales_store\\Store_sales_forcasting_Timeseries\\Sales_Forecasting_Artifact\\Artifact\\data_validation\\2023-07-15-11-31-50\\validated_data')
[2023-07-15 11:33:41,465] root - INFO - >>>>>>>>>>>>>>>>>>>>>>>>>>>>>>>>>>>>>>>>>>>>>>>>>>>>>>>>>>>>Data Validation log completed.<<<<<<<<<<<<<<<<<<<<<<<<<<<<<<<<<<<<<<<<<<<<<<<<<<<<<<<<<<<<
[2023-07-15 11:33:41,465] root - INFO - Data Transformation Config: DataTransformationConfig(time_series_data_file_path='C:\\Users\\Sumeet Maheshwari\\Desktop\\end to end project\\sales_store\\Store_sales_forcasting_Timeseries\\Sales_Forecasting_Artifact\\Artifact\\data_transformation\\2023-07-15-11-31-50\\transformed_data\\time_series_data', feature_engineering_object_file_path='C:\\Users\\Sumeet Maheshwari\\Desktop\\end to end project\\sales_store\\Store_sales_forcasting_Timeseries\\Sales_Forecasting_Artifact\\Artifact\\data_transformation\\2023-07-15-11-31-50\\preprocessed\\feat_eng.pkl')
[2023-07-15 11:33:41,465] root - INFO - 
******************** Data Transformation log started ********************


[2023-07-15 11:33:41,475] root - INFO - Obtaining file from file path 
[2023-07-15 11:33:41,475] root - INFO - Loading Data as pandas dataframe.
[2023-07-15 11:33:41,475] root - ERROR - 
                        error occured in script: 
                        [C:\Users\Sumeet Maheshwari\Desktop\end to end project\sales_store\Store_sales_forcasting_Timeseries\store_sales\pipeline\training_pipeline.py] at 
                        try block line number: [91] execption block line number: [99]
                        error message: [
                        error occured in script: 
                        [C:\Users\Sumeet Maheshwari\Desktop\end to end project\sales_store\Store_sales_forcasting_Timeseries\store_sales\pipeline\training_pipeline.py] at 
                        try block line number: [59] execption block line number: [61]
                        error message: [
                        error occured in script: 
                        [C:\Users\Sumeet Maheshwari\Desktop\end to end project\sales_store\Store_sales_forcasting_Timeseries\store_sales\components\data_transformation.py] at 
                        try block line number: [393] execption block line number: [457]
                        error message: ['FileName']]]
[2023-07-15 11:33:41,477] root - INFO - 
******************** Data Transformation log completed ********************


