[2023-07-16 13:26:19,427] root - INFO - Training pipleine config: TrainingPipelineConfig(artifact_dir='C:\\Users\\Sumeet Maheshwari\\Desktop\\end to end project\\sales_store\\Store_sales_forcasting_Timeseries\\Sales_Forecasting_Artifact\\Artifact')
[2023-07-16 13:26:19,456] werkzeug - WARNING -  * Debugger is active!
[2023-07-16 13:26:19,459] werkzeug - INFO -  * Debugger PIN: 344-037-183
[2023-07-16 13:26:19,515] werkzeug - INFO - 127.0.0.1 - - [16/Jul/2023 13:26:19] "GET / HTTP/1.1" 200 -
[2023-07-16 13:26:52,694] root - INFO - Model Name :Prophet
[2023-07-16 13:26:52,696] root - INFO - Prophet prediction started
[2023-07-16 13:26:52,696] root - INFO - Columns dropped
[2023-07-16 13:26:52,862] root - INFO - df copyed
[2023-07-16 13:26:54,021] root - INFO - unnecessary columns dropped
[2023-07-16 13:26:54,035] root - INFO - rename done
[2023-07-16 13:26:54,139] root - INFO - df_gp series created
[2023-07-16 13:26:54,140] root - INFO - df_gp dataframe created
[2023-07-16 13:26:54,226] root - INFO - Predictions stated
[2023-07-16 13:26:54,641] root - INFO - Prediction completed
[2023-07-16 13:26:54,721] root - INFO -             ds         trend    yhat_lower  ...  multiplicative_terms_lower  multiplicative_terms_upper           yhat
0   2016-01-01 786985.273201 658571.719985  ...                    0.000000                    0.000000  808447.542071
1   2016-01-02 787182.790562 847471.987743  ...                    0.000000                    0.000000  985560.119652
2   2016-01-03 787380.307923 892527.508165  ...                    0.000000                    0.000000 1030626.969330
3   2016-01-04 787577.825284 678413.001634  ...                    0.000000                    0.000000  810224.102863
4   2016-01-05 787775.342645 623887.703379  ...                    0.000000                    0.000000  750096.359352
..         ...           ...           ...  ...                         ...                         ...            ...
587 2017-08-11 896023.796921 598976.016797  ...                    0.000000                    0.000000  734396.613229
588 2017-08-12 896271.243706 779196.767896  ...                    0.000000                    0.000000  922972.298925
589 2017-08-13 896518.690492 843664.222549  ...                    0.000000                    0.000000  980286.951753
590 2017-08-14 896766.137277 637029.282072  ...                    0.000000                    0.000000  771251.426536
591 2017-08-15 897013.584062 592054.177618  ...                    0.000000                    0.000000  725727.571901

[592 rows x 25 columns]
[2023-07-16 13:26:54,721] root - INFO - <class 'pandas.core.frame.DataFrame'>
[2023-07-16 13:26:55,068] werkzeug - INFO - 127.0.0.1 - - [16/Jul/2023 13:26:55] "[35m[1mPOST / HTTP/1.1[0m" 500 -
[2023-07-16 13:26:55,762] werkzeug - INFO - 127.0.0.1 - - [16/Jul/2023 13:26:55] "[36mGET /?__debugger__=yes&cmd=resource&f=style.css HTTP/1.1[0m" 304 -
[2023-07-16 13:26:55,763] werkzeug - INFO - 127.0.0.1 - - [16/Jul/2023 13:26:55] "[36mGET /?__debugger__=yes&cmd=resource&f=debugger.js HTTP/1.1[0m" 304 -
[2023-07-16 13:26:55,790] werkzeug - INFO - 127.0.0.1 - - [16/Jul/2023 13:26:55] "[36mGET /?__debugger__=yes&cmd=resource&f=console.png HTTP/1.1[0m" 304 -
[2023-07-16 13:26:56,150] werkzeug - INFO - 127.0.0.1 - - [16/Jul/2023 13:26:56] "[36mGET /?__debugger__=yes&cmd=resource&f=console.png HTTP/1.1[0m" 304 -
[2023-07-16 13:27:15,928] root - INFO - Data Ingestion Config : DataIngestionConfig(dataset_download_url='https://github.com/sumeet0701/data-dump/blob/main/outlier_clean.zip?raw=true', tgz_download_dir='C:\\Users\\Sumeet Maheshwari\\Desktop\\end to end project\\sales_store\\Store_sales_forcasting_Timeseries\\Sales_Forecasting_Artifact\\Artifact\\data_ingestion\\2023-07-16-13-26-16\\tgz_data', raw_data_dir='C:\\Users\\Sumeet Maheshwari\\Desktop\\end to end project\\sales_store\\Store_sales_forcasting_Timeseries\\Sales_Forecasting_Artifact\\Artifact\\data_ingestion\\2023-07-16-13-26-16\\raw_data', ingested_data_dir='C:\\Users\\Sumeet Maheshwari\\Desktop\\end to end project\\sales_store\\Store_sales_forcasting_Timeseries\\Sales_Forecasting_Artifact\\Artifact\\data_ingestion\\2023-07-16-13-26-16\\ingested_data') 
[2023-07-16 13:27:15,928] root - INFO - 
******************** Data Ingestion log started ********************

[2023-07-16 13:27:15,933] werkzeug - INFO -  * Detected change in 'C:\\Users\\Sumeet Maheshwari\\anaconda3\\Lib\\site-packages\\pymongo\\settings.py', reloading
[2023-07-16 13:27:15,941] werkzeug - INFO -  * Detected change in 'C:\\Users\\Sumeet Maheshwari\\anaconda3\\Lib\\site-packages\\pymongo\\mongo_client.py', reloading
[2023-07-16 13:27:15,945] werkzeug - INFO -  * Detected change in 'C:\\Users\\Sumeet Maheshwari\\anaconda3\\Lib\\site-packages\\werkzeug\\debug\\__init__.py', reloading
[2023-07-16 13:27:15,948] werkzeug - INFO -  * Detected change in 'C:\\Users\\Sumeet Maheshwari\\anaconda3\\Lib\\http\\server.py', reloading
[2023-07-16 13:27:15,958] root - INFO - Connection with DB created successfully!!!
[2023-07-16 13:27:15,960] root - INFO - Downloading file from: [https://github.com/sumeet0701/data-dump/blob/main/outlier_clean.zip?raw=true] into : [C:\Users\Sumeet Maheshwari\Desktop\end to end project\sales_store\Store_sales_forcasting_Timeseries\Sales_Forecasting_Artifact\Artifact\data_ingestion\2023-07-16-13-26-16\tgz_data\store_sales.zip]
