[2023-07-21 11:15:27,983] root - INFO - Training pipleine config: TrainingPipelineConfig(artifact_dir='C:\\Users\\Sumeet Maheshwari\\Desktop\\end to end project\\sales_store\\Store_sales_forcasting_Timeseries\\Sales_Forecasting_Artifact\\Artifact')
[2023-07-21 11:15:27,999] werkzeug - WARNING -  * Debugger is active!
[2023-07-21 11:15:28,002] werkzeug - INFO -  * Debugger PIN: 344-037-183
[2023-07-21 11:15:44,313] werkzeug - INFO - 127.0.0.1 - - [21/Jul/2023 11:15:44] "GET / HTTP/1.1" 200 -
[2023-07-21 11:15:55,270] root - INFO - Model Name :Prophet
[2023-07-21 11:15:55,271] root - INFO - Prophet prediction started
[2023-07-21 11:15:55,272] root - INFO - Columns dropped
[2023-07-21 11:15:55,359] root - INFO - df copyed
[2023-07-21 11:15:55,935] root - INFO - unnecessary columns dropped
[2023-07-21 11:15:55,943] root - INFO - rename done
[2023-07-21 11:15:55,985] root - INFO - df_gp series created
[2023-07-21 11:15:55,985] root - INFO - df_gp dataframe created
[2023-07-21 11:15:55,994] root - INFO - Predictions stated
[2023-07-21 11:15:56,152] root - INFO - Prediction completed
[2023-07-21 11:15:56,177] root - INFO -             ds         trend    yhat_lower  ...  multiplicative_terms_lower  multiplicative_terms_upper           yhat
0   2016-01-01 786985.273201 680221.714981  ...                    0.000000                    0.000000  808447.542071
1   2016-01-02 787182.790562 840473.442583  ...                    0.000000                    0.000000  985560.119652
2   2016-01-03 787380.307923 904168.953352  ...                    0.000000                    0.000000 1030626.969330
3   2016-01-04 787577.825284 676587.874263  ...                    0.000000                    0.000000  810224.102863
4   2016-01-05 787775.342645 608948.702588  ...                    0.000000                    0.000000  750096.359352
..         ...           ...           ...  ...                         ...                         ...            ...
587 2017-08-11 896023.796921 600364.387455  ...                    0.000000                    0.000000  734396.613229
588 2017-08-12 896271.243706 781212.278534  ...                    0.000000                    0.000000  922972.298925
589 2017-08-13 896518.690492 841177.613004  ...                    0.000000                    0.000000  980286.951753
590 2017-08-14 896766.137277 636358.087957  ...                    0.000000                    0.000000  771251.426536
591 2017-08-15 897013.584062 581284.985411  ...                    0.000000                    0.000000  725727.571901

[592 rows x 25 columns]
[2023-07-21 11:15:56,177] root - INFO - <class 'pandas.core.frame.DataFrame'>
[2023-07-21 11:15:56,177] root - INFO - New_dataframe created.
[2023-07-21 11:15:56,178] root - INFO - date columns is converted into datetime format
[2023-07-21 11:15:56,178] root - INFO - Converting date columns into index
[2023-07-21 11:15:56,178] root - INFO - converted date columns into index
[2023-07-21 11:15:56,178] root - INFO - Updated new df created
[2023-07-21 11:15:56,203] werkzeug - INFO -  * Detected change in 'C:\\Users\\Sumeet Maheshwari\\anaconda3\\Lib\\site-packages\\pandas\\util\\_decorators.py', reloading
[2023-07-21 11:15:56,214] werkzeug - INFO - 127.0.0.1 - - [21/Jul/2023 11:15:56] "[35m[1mPOST / HTTP/1.1[0m" 500 -
[2023-07-21 11:15:56,559] werkzeug - INFO - 127.0.0.1 - - [21/Jul/2023 11:15:56] "[36mGET /?__debugger__=yes&cmd=resource&f=debugger.js HTTP/1.1[0m" 304 -
[2023-07-21 11:15:56,560] werkzeug - INFO - 127.0.0.1 - - [21/Jul/2023 11:15:56] "[36mGET /?__debugger__=yes&cmd=resource&f=style.css HTTP/1.1[0m" 304 -
[2023-07-21 11:15:56,597] werkzeug - INFO - 127.0.0.1 - - [21/Jul/2023 11:15:56] "[36mGET /?__debugger__=yes&cmd=resource&f=console.png HTTP/1.1[0m" 304 -
[2023-07-21 11:15:56,798] werkzeug - INFO - 127.0.0.1 - - [21/Jul/2023 11:15:56] "[36mGET /?__debugger__=yes&cmd=resource&f=console.png HTTP/1.1[0m" 304 -
