[2023-07-16 13:09:10,086] root - INFO - Training pipleine config: TrainingPipelineConfig(artifact_dir='C:\\Users\\Sumeet Maheshwari\\Desktop\\end to end project\\sales_store\\Store_sales_forcasting_Timeseries\\Sales_Forecasting_Artifact\\Artifact')
[2023-07-16 13:09:10,126] werkzeug - INFO - [31m[1mWARNING: This is a development server. Do not use it in a production deployment. Use a production WSGI server instead.[0m
 * Running on http://127.0.0.1:5000
[2023-07-16 13:09:10,127] werkzeug - INFO - [33mPress CTRL+C to quit[0m
[2023-07-16 13:09:10,147] werkzeug - INFO -  * Restarting with watchdog (windowsapi)
[2023-07-16 13:10:13,596] werkzeug - INFO -  * Restarting with watchdog (windowsapi)
[2023-07-16 13:11:52,882] werkzeug - INFO -  * Restarting with watchdog (windowsapi)
[2023-07-16 13:12:14,656] werkzeug - INFO -  * Restarting with watchdog (windowsapi)
[2023-07-16 13:12:29,483] werkzeug - INFO -  * Restarting with watchdog (windowsapi)
[2023-07-16 13:12:44,424] werkzeug - INFO -  * Restarting with watchdog (windowsapi)
[2023-07-16 13:12:54,224] werkzeug - INFO -  * Restarting with watchdog (windowsapi)
[2023-07-16 13:13:02,765] werkzeug - INFO -  * Restarting with watchdog (windowsapi)
[2023-07-16 13:13:18,025] werkzeug - INFO -  * Restarting with watchdog (windowsapi)
[2023-07-16 13:13:29,644] werkzeug - INFO -  * Restarting with watchdog (windowsapi)
[2023-07-16 13:13:54,092] werkzeug - INFO -  * Restarting with watchdog (windowsapi)
[2023-07-16 13:16:20,249] werkzeug - INFO -  * Restarting with watchdog (windowsapi)
[2023-07-16 13:16:42,168] werkzeug - INFO -  * Restarting with watchdog (windowsapi)
[2023-07-16 13:17:48,165] werkzeug - INFO -  * Restarting with watchdog (windowsapi)
[2023-07-16 13:18:04,916] werkzeug - INFO -  * Restarting with watchdog (windowsapi)
[2023-07-16 13:20:10,709] werkzeug - INFO -  * Restarting with watchdog (windowsapi)
[2023-07-16 13:20:29,061] werkzeug - INFO -  * Restarting with watchdog (windowsapi)
