[2023-07-16 13:32:42,932] root - INFO - Training pipleine config: TrainingPipelineConfig(artifact_dir='C:\\Users\\Sumeet Maheshwari\\Desktop\\end to end project\\sales_store\\Store_sales_forcasting_Timeseries\\Sales_Forecasting_Artifact\\Artifact')
[2023-07-16 13:32:42,966] werkzeug - WARNING -  * Debugger is active!
[2023-07-16 13:32:42,971] werkzeug - INFO -  * Debugger PIN: 344-037-183
[2023-07-16 13:32:43,044] werkzeug - INFO - 127.0.0.1 - - [16/Jul/2023 13:32:43] "GET / HTTP/1.1" 200 -
[2023-07-16 13:32:43,051] werkzeug - INFO - 127.0.0.1 - - [16/Jul/2023 13:32:43] "GET / HTTP/1.1" 200 -
[2023-07-16 13:32:47,329] werkzeug - INFO - 127.0.0.1 - - [16/Jul/2023 13:32:47] "GET / HTTP/1.1" 200 -
[2023-07-16 13:32:53,183] root - INFO - Model Name :Prophet
[2023-07-16 13:32:53,184] root - INFO - Prophet prediction started
[2023-07-16 13:32:53,184] root - INFO - Columns dropped
[2023-07-16 13:32:53,346] root - INFO - df copyed
[2023-07-16 13:32:54,539] root - INFO - unnecessary columns dropped
[2023-07-16 13:32:54,555] root - INFO - rename done
[2023-07-16 13:32:54,681] root - INFO - df_gp series created
[2023-07-16 13:32:54,682] root - INFO - df_gp dataframe created
[2023-07-16 13:32:54,784] root - INFO - Predictions stated
[2023-07-16 13:32:55,216] root - INFO - Prediction completed
[2023-07-16 13:32:55,291] root - INFO -             ds         trend    yhat_lower  ...  multiplicative_terms_lower  multiplicative_terms_upper           yhat
0   2016-01-01 786985.273201 665451.810610  ...                    0.000000                    0.000000  808447.542071
1   2016-01-02 787182.790562 856162.070020  ...                    0.000000                    0.000000  985560.119652
2   2016-01-03 787380.307923 891418.448539  ...                    0.000000                    0.000000 1030626.969330
3   2016-01-04 787577.825284 668120.941232  ...                    0.000000                    0.000000  810224.102863
4   2016-01-05 787775.342645 613431.564062  ...                    0.000000                    0.000000  750096.359352
..         ...           ...           ...  ...                         ...                         ...            ...
587 2017-08-11 896023.796921 604091.988882  ...                    0.000000                    0.000000  734396.613229
588 2017-08-12 896271.243706 782031.608914  ...                    0.000000                    0.000000  922972.298925
589 2017-08-13 896518.690492 836380.938288  ...                    0.000000                    0.000000  980286.951753
590 2017-08-14 896766.137277 638046.283224  ...                    0.000000                    0.000000  771251.426536
591 2017-08-15 897013.584062 586655.728566  ...                    0.000000                    0.000000  725727.571901

[592 rows x 25 columns]
[2023-07-16 13:32:55,291] root - INFO - <class 'pandas.core.frame.DataFrame'>
[2023-07-16 13:32:55,295] root - INFO - <class 'pandas.core.frame.DataFrame'>
[2023-07-16 13:32:55,302] root - INFO - <class 'pandas.core.frame.DataFrame'>
[2023-07-16 13:32:55,695] werkzeug - INFO - 127.0.0.1 - - [16/Jul/2023 13:32:55] "[35m[1mPOST / HTTP/1.1[0m" 500 -
[2023-07-16 13:32:56,541] werkzeug - INFO - 127.0.0.1 - - [16/Jul/2023 13:32:56] "[36mGET /?__debugger__=yes&cmd=resource&f=debugger.js HTTP/1.1[0m" 304 -
[2023-07-16 13:32:56,745] werkzeug - INFO - 127.0.0.1 - - [16/Jul/2023 13:32:56] "[36mGET /?__debugger__=yes&cmd=resource&f=style.css HTTP/1.1[0m" 304 -
[2023-07-16 13:32:56,827] werkzeug - INFO - 127.0.0.1 - - [16/Jul/2023 13:32:56] "[36mGET /?__debugger__=yes&cmd=resource&f=console.png HTTP/1.1[0m" 304 -
[2023-07-16 13:32:57,685] werkzeug - INFO - 127.0.0.1 - - [16/Jul/2023 13:32:57] "[36mGET /?__debugger__=yes&cmd=resource&f=console.png HTTP/1.1[0m" 304 -
[2023-07-16 13:33:05,717] root - INFO - Model Name :Prophet
[2023-07-16 13:33:05,717] root - INFO - Prophet prediction started
[2023-07-16 13:33:05,718] root - INFO - Columns dropped
[2023-07-16 13:33:05,803] root - INFO - df copyed
[2023-07-16 13:33:06,346] root - INFO - unnecessary columns dropped
[2023-07-16 13:33:06,352] root - INFO - rename done
[2023-07-16 13:33:06,398] root - INFO - df_gp series created
[2023-07-16 13:33:06,398] root - INFO - df_gp dataframe created
[2023-07-16 13:33:06,431] root - INFO - Predictions stated
[2023-07-16 13:33:06,606] root - INFO - Prediction completed
[2023-07-16 13:33:06,632] root - INFO -             ds         trend    yhat_lower  ...  multiplicative_terms_lower  multiplicative_terms_upper           yhat
0   2016-01-01 786985.273201 667616.064669  ...                    0.000000                    0.000000  808447.542071
1   2016-01-02 787182.790562 848490.455901  ...                    0.000000                    0.000000  985560.119652
2   2016-01-03 787380.307923 882685.350318  ...                    0.000000                    0.000000 1030626.969330
3   2016-01-04 787577.825284 663628.909821  ...                    0.000000                    0.000000  810224.102863
4   2016-01-05 787775.342645 620454.187613  ...                    0.000000                    0.000000  750096.359352
..         ...           ...           ...  ...                         ...                         ...            ...
587 2017-08-11 896023.796921 585524.004046  ...                    0.000000                    0.000000  734396.613229
588 2017-08-12 896271.243706 785662.277737  ...                    0.000000                    0.000000  922972.298925
589 2017-08-13 896518.690492 849712.218595  ...                    0.000000                    0.000000  980286.951753
590 2017-08-14 896766.137277 641575.074245  ...                    0.000000                    0.000000  771251.426536
591 2017-08-15 897013.584062 592078.408697  ...                    0.000000                    0.000000  725727.571901

[592 rows x 25 columns]
[2023-07-16 13:33:06,632] root - INFO - <class 'pandas.core.frame.DataFrame'>
[2023-07-16 13:33:06,633] root - INFO - <class 'pandas.core.frame.DataFrame'>
[2023-07-16 13:33:06,637] root - INFO - <class 'pandas.core.frame.DataFrame'>
[2023-07-16 13:33:06,736] werkzeug - INFO - 127.0.0.1 - - [16/Jul/2023 13:33:06] "[35m[1mPOST / HTTP/1.1[0m" 500 -
[2023-07-16 13:33:06,911] werkzeug - INFO - 127.0.0.1 - - [16/Jul/2023 13:33:06] "[36mGET /?__debugger__=yes&cmd=resource&f=style.css HTTP/1.1[0m" 304 -
[2023-07-16 13:33:06,919] werkzeug - INFO - 127.0.0.1 - - [16/Jul/2023 13:33:06] "[36mGET /?__debugger__=yes&cmd=resource&f=debugger.js HTTP/1.1[0m" 304 -
[2023-07-16 13:33:07,099] werkzeug - INFO - 127.0.0.1 - - [16/Jul/2023 13:33:07] "[36mGET /?__debugger__=yes&cmd=resource&f=console.png HTTP/1.1[0m" 304 -
[2023-07-16 13:35:51,543] werkzeug - INFO -  * Detected change in 'C:\\Users\\Sumeet Maheshwari\\Desktop\\end to end project\\sales_store\\Store_sales_forcasting_Timeseries\\Prediction\\batch_prediction.py', reloading
[2023-07-16 13:35:51,544] werkzeug - INFO -  * Detected change in 'C:\\Users\\Sumeet Maheshwari\\Desktop\\end to end project\\sales_store\\Store_sales_forcasting_Timeseries\\Prediction\\batch_prediction.py', reloading
[2023-07-16 13:35:51,545] werkzeug - INFO -  * Detected change in 'C:\\Users\\Sumeet Maheshwari\\Desktop\\end to end project\\sales_store\\Store_sales_forcasting_Timeseries\\Prediction\\batch_prediction.py', reloading
