[2023-07-16 13:49:12,751] root - INFO - Training pipleine config: TrainingPipelineConfig(artifact_dir='C:\\Users\\Sumeet Maheshwari\\Desktop\\end to end project\\sales_store\\Store_sales_forcasting_Timeseries\\Sales_Forecasting_Artifact\\Artifact')
[2023-07-16 13:49:12,770] werkzeug - WARNING -  * Debugger is active!
[2023-07-16 13:49:12,774] werkzeug - INFO -  * Debugger PIN: 344-037-183
[2023-07-16 13:49:12,815] werkzeug - INFO - 127.0.0.1 - - [16/Jul/2023 13:49:12] "GET / HTTP/1.1" 200 -
[2023-07-16 13:49:28,247] root - INFO - Model Name :Prophet
[2023-07-16 13:49:28,248] root - INFO - Prophet prediction started
[2023-07-16 13:49:28,248] root - INFO - Columns dropped
[2023-07-16 13:49:28,414] root - INFO - df copyed
[2023-07-16 13:49:29,498] root - INFO - unnecessary columns dropped
[2023-07-16 13:49:29,516] root - INFO - rename done
[2023-07-16 13:49:29,627] root - INFO - df_gp series created
[2023-07-16 13:49:29,627] root - INFO - df_gp dataframe created
[2023-07-16 13:49:29,713] root - INFO - Predictions stated
[2023-07-16 13:49:30,110] root - INFO - Prediction completed
[2023-07-16 13:49:30,184] root - INFO -             ds         trend    yhat_lower  ...  multiplicative_terms_lower  multiplicative_terms_upper           yhat
0   2016-01-01 786985.273201 680626.737819  ...                    0.000000                    0.000000  808447.542071
1   2016-01-02 787182.790562 845247.625249  ...                    0.000000                    0.000000  985560.119652
2   2016-01-03 787380.307923 887712.156044  ...                    0.000000                    0.000000 1030626.969330
3   2016-01-04 787577.825284 687790.687359  ...                    0.000000                    0.000000  810224.102863
4   2016-01-05 787775.342645 608341.442312  ...                    0.000000                    0.000000  750096.359352
..         ...           ...           ...  ...                         ...                         ...            ...
587 2017-08-11 896023.796921 617638.049483  ...                    0.000000                    0.000000  734396.613229
588 2017-08-12 896271.243706 787858.185018  ...                    0.000000                    0.000000  922972.298925
589 2017-08-13 896518.690492 838334.332940  ...                    0.000000                    0.000000  980286.951753
590 2017-08-14 896766.137277 633710.056040  ...                    0.000000                    0.000000  771251.426536
591 2017-08-15 897013.584062 584620.267661  ...                    0.000000                    0.000000  725727.571901

[592 rows x 25 columns]
[2023-07-16 13:49:30,185] root - INFO - <class 'pandas.core.frame.DataFrame'>
[2023-07-16 13:49:30,282] werkzeug - INFO - 127.0.0.1 - - [16/Jul/2023 13:49:30] "[35m[1mPOST / HTTP/1.1[0m" 500 -
[2023-07-16 13:49:31,001] werkzeug - INFO - 127.0.0.1 - - [16/Jul/2023 13:49:31] "[36mGET /?__debugger__=yes&cmd=resource&f=style.css HTTP/1.1[0m" 304 -
[2023-07-16 13:49:31,003] werkzeug - INFO - 127.0.0.1 - - [16/Jul/2023 13:49:31] "[36mGET /?__debugger__=yes&cmd=resource&f=debugger.js HTTP/1.1[0m" 304 -
[2023-07-16 13:49:31,134] werkzeug - INFO - 127.0.0.1 - - [16/Jul/2023 13:49:31] "[36mGET /?__debugger__=yes&cmd=resource&f=console.png HTTP/1.1[0m" 304 -
[2023-07-16 13:49:31,343] werkzeug - INFO - 127.0.0.1 - - [16/Jul/2023 13:49:31] "[36mGET /?__debugger__=yes&cmd=resource&f=console.png HTTP/1.1[0m" 304 -
[2023-07-16 13:51:28,829] werkzeug - INFO -  * Detected change in 'C:\\Users\\Sumeet Maheshwari\\Desktop\\end to end project\\sales_store\\Store_sales_forcasting_Timeseries\\Prediction\\batch_prediction.py', reloading
[2023-07-16 13:51:28,830] werkzeug - INFO -  * Detected change in 'C:\\Users\\Sumeet Maheshwari\\Desktop\\end to end project\\sales_store\\Store_sales_forcasting_Timeseries\\Prediction\\batch_prediction.py', reloading
[2023-07-16 13:51:28,830] werkzeug - INFO -  * Detected change in 'C:\\Users\\Sumeet Maheshwari\\Desktop\\end to end project\\sales_store\\Store_sales_forcasting_Timeseries\\Prediction\\batch_prediction.py', reloading
[2023-07-16 13:51:28,831] werkzeug - INFO -  * Detected change in 'C:\\Users\\Sumeet Maheshwari\\Desktop\\end to end project\\sales_store\\Store_sales_forcasting_Timeseries\\Prediction\\batch_prediction.py', reloading
