[2023-07-21 11:32:32,466] root - INFO - Training pipleine config: TrainingPipelineConfig(artifact_dir='C:\\Users\\Sumeet Maheshwari\\Desktop\\end to end project\\sales_store\\Store_sales_forcasting_Timeseries\\Sales_Forecasting_Artifact\\Artifact')
[2023-07-21 11:32:32,481] werkzeug - WARNING -  * Debugger is active!
[2023-07-21 11:32:32,483] werkzeug - INFO -  * Debugger PIN: 344-037-183
[2023-07-21 11:32:36,974] root - INFO - Model Name :Prophet
[2023-07-21 11:32:36,975] root - INFO - Prophet prediction started
[2023-07-21 11:32:36,975] root - INFO - Columns dropped
[2023-07-21 11:32:37,061] root - INFO - df copyed
[2023-07-21 11:32:37,647] root - INFO - unnecessary columns dropped
[2023-07-21 11:32:37,658] root - INFO - rename done
[2023-07-21 11:32:37,705] root - INFO - df_gp series created
[2023-07-21 11:32:37,706] root - INFO - df_gp dataframe created
[2023-07-21 11:32:37,722] root - INFO - Predictions started
[2023-07-21 11:32:37,947] root - INFO - Prediction completed
[2023-07-21 11:32:37,974] root - INFO -             ds         trend    yhat_lower  ...  multiplicative_terms_lower  multiplicative_terms_upper           yhat
0   2016-01-01 786985.273201 672945.016688  ...                    0.000000                    0.000000  808447.542071
1   2016-01-02 787182.790562 850939.991400  ...                    0.000000                    0.000000  985560.119652
2   2016-01-03 787380.307923 899038.427586  ...                    0.000000                    0.000000 1030626.969330
3   2016-01-04 787577.825284 668893.183735  ...                    0.000000                    0.000000  810224.102863
4   2016-01-05 787775.342645 631877.706394  ...                    0.000000                    0.000000  750096.359352
..         ...           ...           ...  ...                         ...                         ...            ...
587 2017-08-11 896023.796921 589534.693106  ...                    0.000000                    0.000000  734396.613229
588 2017-08-12 896271.243706 776931.010349  ...                    0.000000                    0.000000  922972.298925
589 2017-08-13 896518.690492 847383.993120  ...                    0.000000                    0.000000  980286.951753
590 2017-08-14 896766.137277 638410.567605  ...                    0.000000                    0.000000  771251.426536
591 2017-08-15 897013.584062 597659.677787  ...                    0.000000                    0.000000  725727.571901

[592 rows x 25 columns]
[2023-07-21 11:32:37,974] root - INFO - Index(['ds', 'trend', 'yhat_lower', 'yhat_upper', 'trend_lower', 'trend_upper',
       'additive_terms', 'additive_terms_lower', 'additive_terms_upper',
       'extra_regressors_additive', 'extra_regressors_additive_lower',
       'extra_regressors_additive_upper', 'oil_price', 'oil_price_lower',
       'oil_price_upper', 'weekly', 'weekly_lower', 'weekly_upper', 'yearly',
       'yearly_lower', 'yearly_upper', 'multiplicative_terms',
       'multiplicative_terms_lower', 'multiplicative_terms_upper', 'yhat'],
      dtype='object')
[2023-07-21 11:32:37,974] root - INFO - <class 'pandas.core.frame.DataFrame'>
[2023-07-21 11:32:38,137] werkzeug - INFO - 127.0.0.1 - - [21/Jul/2023 11:32:38] "[35m[1mPOST / HTTP/1.1[0m" 500 -
[2023-07-21 11:32:38,529] werkzeug - INFO - 127.0.0.1 - - [21/Jul/2023 11:32:38] "[36mGET /?__debugger__=yes&cmd=resource&f=style.css HTTP/1.1[0m" 304 -
[2023-07-21 11:32:38,530] werkzeug - INFO - 127.0.0.1 - - [21/Jul/2023 11:32:38] "[36mGET /?__debugger__=yes&cmd=resource&f=debugger.js HTTP/1.1[0m" 304 -
[2023-07-21 11:32:38,572] werkzeug - INFO - 127.0.0.1 - - [21/Jul/2023 11:32:38] "[36mGET /?__debugger__=yes&cmd=resource&f=console.png HTTP/1.1[0m" 304 -
[2023-07-21 11:32:38,754] werkzeug - INFO - 127.0.0.1 - - [21/Jul/2023 11:32:38] "[36mGET /?__debugger__=yes&cmd=resource&f=console.png HTTP/1.1[0m" 304 -
[2023-07-21 11:35:00,337] werkzeug - INFO -  * Detected change in 'C:\\Users\\Sumeet Maheshwari\\Desktop\\end to end project\\sales_store\\Store_sales_forcasting_Timeseries\\Prediction\\batch_prediction.py', reloading
[2023-07-21 11:35:00,338] werkzeug - INFO -  * Detected change in 'C:\\Users\\Sumeet Maheshwari\\Desktop\\end to end project\\sales_store\\Store_sales_forcasting_Timeseries\\Prediction\\batch_prediction.py', reloading
[2023-07-21 11:35:00,338] werkzeug - INFO -  * Detected change in 'C:\\Users\\Sumeet Maheshwari\\Desktop\\end to end project\\sales_store\\Store_sales_forcasting_Timeseries\\Prediction\\batch_prediction.py', reloading
[2023-07-21 11:35:00,340] werkzeug - INFO -  * Detected change in 'C:\\Users\\Sumeet Maheshwari\\Desktop\\end to end project\\sales_store\\Store_sales_forcasting_Timeseries\\Prediction\\batch_prediction.py', reloading
