[2023-07-21 11:23:00,124] root - INFO - Training pipleine config: TrainingPipelineConfig(artifact_dir='C:\\Users\\Sumeet Maheshwari\\Desktop\\end to end project\\sales_store\\Store_sales_forcasting_Timeseries\\Sales_Forecasting_Artifact\\Artifact')
[2023-07-21 11:23:00,143] werkzeug - WARNING -  * Debugger is active!
[2023-07-21 11:23:00,145] werkzeug - INFO -  * Debugger PIN: 344-037-183
[2023-07-21 11:23:01,034] werkzeug - INFO - 127.0.0.1 - - [21/Jul/2023 11:23:01] "GET / HTTP/1.1" 200 -
[2023-07-21 11:23:13,133] root - INFO - Model Name :Prophet
[2023-07-21 11:23:13,134] root - INFO - Prophet prediction started
[2023-07-21 11:23:13,134] root - INFO - Columns dropped
[2023-07-21 11:23:13,227] root - INFO - df copyed
[2023-07-21 11:23:13,802] root - INFO - unnecessary columns dropped
[2023-07-21 11:23:13,813] root - INFO - rename done
[2023-07-21 11:23:13,870] root - INFO - df_gp series created
[2023-07-21 11:23:13,870] root - INFO - df_gp dataframe created
[2023-07-21 11:23:13,885] root - INFO - Predictions stated
[2023-07-21 11:23:14,091] root - INFO - Prediction completed
[2023-07-21 11:23:14,117] root - INFO -             ds         trend    yhat_lower  ...  multiplicative_terms_lower  multiplicative_terms_upper           yhat
0   2016-01-01 786985.273201 679864.113624  ...                    0.000000                    0.000000  808447.542071
1   2016-01-02 787182.790562 843801.738505  ...                    0.000000                    0.000000  985560.119652
2   2016-01-03 787380.307923 889851.104671  ...                    0.000000                    0.000000 1030626.969330
3   2016-01-04 787577.825284 674286.811121  ...                    0.000000                    0.000000  810224.102863
4   2016-01-05 787775.342645 624925.115699  ...                    0.000000                    0.000000  750096.359352
..         ...           ...           ...  ...                         ...                         ...            ...
587 2017-08-11 896023.796921 598446.946980  ...                    0.000000                    0.000000  734396.613229
588 2017-08-12 896271.243706 768987.506111  ...                    0.000000                    0.000000  922972.298925
589 2017-08-13 896518.690492 837692.244318  ...                    0.000000                    0.000000  980286.951753
590 2017-08-14 896766.137277 637233.641561  ...                    0.000000                    0.000000  771251.426536
591 2017-08-15 897013.584062 583386.630879  ...                    0.000000                    0.000000  725727.571901

[592 rows x 25 columns]
[2023-07-21 11:23:14,117] root - INFO - <class 'pandas.core.frame.DataFrame'>
[2023-07-21 11:23:14,294] werkzeug - INFO - 127.0.0.1 - - [21/Jul/2023 11:23:14] "[35m[1mPOST / HTTP/1.1[0m" 500 -
[2023-07-21 11:23:14,643] werkzeug - INFO - 127.0.0.1 - - [21/Jul/2023 11:23:14] "[36mGET /?__debugger__=yes&cmd=resource&f=style.css HTTP/1.1[0m" 304 -
[2023-07-21 11:23:14,643] werkzeug - INFO - 127.0.0.1 - - [21/Jul/2023 11:23:14] "[36mGET /?__debugger__=yes&cmd=resource&f=debugger.js HTTP/1.1[0m" 304 -
[2023-07-21 11:23:14,660] werkzeug - INFO - 127.0.0.1 - - [21/Jul/2023 11:23:14] "[36mGET /?__debugger__=yes&cmd=resource&f=console.png HTTP/1.1[0m" 304 -
[2023-07-21 11:23:14,850] werkzeug - INFO - 127.0.0.1 - - [21/Jul/2023 11:23:14] "[36mGET /?__debugger__=yes&cmd=resource&f=console.png HTTP/1.1[0m" 304 -
[2023-07-21 11:24:14,496] werkzeug - INFO -  * Detected change in 'C:\\Users\\Sumeet Maheshwari\\Desktop\\end to end project\\sales_store\\Store_sales_forcasting_Timeseries\\Prediction\\batch_prediction.py', reloading
[2023-07-21 11:24:14,497] werkzeug - INFO -  * Detected change in 'C:\\Users\\Sumeet Maheshwari\\Desktop\\end to end project\\sales_store\\Store_sales_forcasting_Timeseries\\Prediction\\batch_prediction.py', reloading
[2023-07-21 11:24:14,499] werkzeug - INFO -  * Detected change in 'C:\\Users\\Sumeet Maheshwari\\Desktop\\end to end project\\sales_store\\Store_sales_forcasting_Timeseries\\Prediction\\batch_prediction.py', reloading
[2023-07-21 11:24:14,499] werkzeug - INFO -  * Detected change in 'C:\\Users\\Sumeet Maheshwari\\Desktop\\end to end project\\sales_store\\Store_sales_forcasting_Timeseries\\Prediction\\batch_prediction.py', reloading
