[2023-07-16 13:39:01,416] root - INFO - Training pipleine config: TrainingPipelineConfig(artifact_dir='C:\\Users\\Sumeet Maheshwari\\Desktop\\end to end project\\sales_store\\Store_sales_forcasting_Timeseries\\Sales_Forecasting_Artifact\\Artifact')
[2023-07-16 13:39:01,436] werkzeug - WARNING -  * Debugger is active!
[2023-07-16 13:39:01,439] werkzeug - INFO -  * Debugger PIN: 344-037-183
[2023-07-16 13:39:26,010] root - INFO - Model Name :Prophet
[2023-07-16 13:39:26,011] root - INFO - Prophet prediction started
[2023-07-16 13:39:26,013] root - INFO - Columns dropped
[2023-07-16 13:39:26,181] root - INFO - df copyed
[2023-07-16 13:39:27,324] root - INFO - unnecessary columns dropped
[2023-07-16 13:39:27,342] root - INFO - rename done
[2023-07-16 13:39:27,459] root - INFO - df_gp series created
[2023-07-16 13:39:27,460] root - INFO - df_gp dataframe created
[2023-07-16 13:39:27,549] root - INFO - Predictions stated
[2023-07-16 13:39:27,986] root - INFO - Prediction completed
[2023-07-16 13:39:28,054] root - INFO -             ds         trend    yhat_lower  ...  multiplicative_terms_lower  multiplicative_terms_upper           yhat
0   2016-01-01 786985.273201 664902.307564  ...                    0.000000                    0.000000  808447.542071
1   2016-01-02 787182.790562 854177.179824  ...                    0.000000                    0.000000  985560.119652
2   2016-01-03 787380.307923 899580.207699  ...                    0.000000                    0.000000 1030626.969330
3   2016-01-04 787577.825284 683253.240205  ...                    0.000000                    0.000000  810224.102863
4   2016-01-05 787775.342645 614886.089803  ...                    0.000000                    0.000000  750096.359352
..         ...           ...           ...  ...                         ...                         ...            ...
587 2017-08-11 896023.796921 594308.174075  ...                    0.000000                    0.000000  734396.613229
588 2017-08-12 896271.243706 789333.162887  ...                    0.000000                    0.000000  922972.298925
589 2017-08-13 896518.690492 846069.922178  ...                    0.000000                    0.000000  980286.951753
590 2017-08-14 896766.137277 635757.394073  ...                    0.000000                    0.000000  771251.426536
591 2017-08-15 897013.584062 594833.902816  ...                    0.000000                    0.000000  725727.571901

[592 rows x 25 columns]
[2023-07-16 13:39:28,054] root - INFO - <class 'pandas.core.frame.DataFrame'>
[2023-07-16 13:39:28,057] root - INFO - <class 'pandas.core.frame.DataFrame'>
[2023-07-16 13:39:28,071] root - INFO - <class 'pandas.core.frame.DataFrame'>
[2023-07-16 13:39:28,347] werkzeug - INFO - 127.0.0.1 - - [16/Jul/2023 13:39:28] "[35m[1mPOST / HTTP/1.1[0m" 500 -
[2023-07-16 13:39:29,084] werkzeug - INFO - 127.0.0.1 - - [16/Jul/2023 13:39:29] "[36mGET /?__debugger__=yes&cmd=resource&f=debugger.js HTTP/1.1[0m" 304 -
[2023-07-16 13:39:29,085] werkzeug - INFO - 127.0.0.1 - - [16/Jul/2023 13:39:29] "[36mGET /?__debugger__=yes&cmd=resource&f=style.css HTTP/1.1[0m" 304 -
[2023-07-16 13:39:29,154] werkzeug - INFO - 127.0.0.1 - - [16/Jul/2023 13:39:29] "[36mGET /?__debugger__=yes&cmd=resource&f=console.png HTTP/1.1[0m" 304 -
[2023-07-16 13:39:29,422] werkzeug - INFO - 127.0.0.1 - - [16/Jul/2023 13:39:29] "[36mGET /?__debugger__=yes&cmd=resource&f=console.png HTTP/1.1[0m" 304 -
[2023-07-16 13:39:53,553] werkzeug - INFO -  * Detected change in 'C:\\Users\\Sumeet Maheshwari\\Desktop\\end to end project\\sales_store\\Store_sales_forcasting_Timeseries\\Prediction\\batch_prediction.py', reloading
[2023-07-16 13:39:53,556] werkzeug - INFO -  * Detected change in 'C:\\Users\\Sumeet Maheshwari\\Desktop\\end to end project\\sales_store\\Store_sales_forcasting_Timeseries\\Prediction\\batch_prediction.py', reloading
[2023-07-16 13:39:53,556] werkzeug - INFO -  * Detected change in 'C:\\Users\\Sumeet Maheshwari\\Desktop\\end to end project\\sales_store\\Store_sales_forcasting_Timeseries\\Prediction\\batch_prediction.py', reloading
[2023-07-16 13:39:53,557] werkzeug - INFO -  * Detected change in 'C:\\Users\\Sumeet Maheshwari\\Desktop\\end to end project\\sales_store\\Store_sales_forcasting_Timeseries\\Prediction\\batch_prediction.py', reloading
