[2023-07-15 11:15:14,257] numexpr.utils - INFO - NumExpr defaulting to 8 threads.
[2023-07-15 11:15:18,117] root - INFO - Training pipleine config: TrainingPipelineConfig(artifact_dir='C:\\Users\\Sumeet Maheshwari\\Desktop\\end to end project\\sales_store\\Store_sales_forcasting_Timeseries\\Sales_Forecasting_Artifact\\Artifact')
[2023-07-15 11:15:18,118] root - INFO - Data Ingestion Config : DataIngestionConfig(dataset_download_url='https://github.com/sumeet0701/data-dump/blob/main/outlier_clean.zip?raw=true', tgz_download_dir='C:\\Users\\Sumeet Maheshwari\\Desktop\\end to end project\\sales_store\\Store_sales_forcasting_Timeseries\\Sales_Forecasting_Artifact\\Artifact\\data_ingestion\\2023-07-15-11-15-13\\tgz_data', raw_data_dir='C:\\Users\\Sumeet Maheshwari\\Desktop\\end to end project\\sales_store\\Store_sales_forcasting_Timeseries\\Sales_Forecasting_Artifact\\Artifact\\data_ingestion\\2023-07-15-11-15-13\\raw_data', ingested_data_dir='C:\\Users\\Sumeet Maheshwari\\Desktop\\end to end project\\sales_store\\Store_sales_forcasting_Timeseries\\Sales_Forecasting_Artifact\\Artifact\\data_ingestion\\2023-07-15-11-15-13\\ingested_data') 
[2023-07-15 11:15:18,119] root - INFO - 
******************** Data Ingestion log started ********************

[2023-07-15 11:15:18,124] root - INFO - Connection with DB created successfully!!!
[2023-07-15 11:15:18,125] root - INFO - Downloading file from: [https://github.com/sumeet0701/data-dump/blob/main/outlier_clean.zip?raw=true] into : [C:\Users\Sumeet Maheshwari\Desktop\end to end project\sales_store\Store_sales_forcasting_Timeseries\Sales_Forecasting_Artifact\Artifact\data_ingestion\2023-07-15-11-15-13\tgz_data\store_sales.zip]
[2023-07-15 11:16:02,869] root - INFO - File: [C:\Users\Sumeet Maheshwari\Desktop\end to end project\sales_store\Store_sales_forcasting_Timeseries\Sales_Forecasting_Artifact\Artifact\data_ingestion\2023-07-15-11-15-13\tgz_data\store_sales.zip] has been downloaded successfully
[2023-07-15 11:16:02,870] root - INFO - Extracting zipped file : [C:\Users\Sumeet Maheshwari\Desktop\end to end project\sales_store\Store_sales_forcasting_Timeseries\Sales_Forecasting_Artifact\Artifact\data_ingestion\2023-07-15-11-15-13\tgz_data\store_sales.zip] into dir: [C:\Users\Sumeet Maheshwari\Desktop\end to end project\sales_store\Store_sales_forcasting_Timeseries\Sales_Forecasting_Artifact\Artifact\data_ingestion\2023-07-15-11-15-13\raw_data]
[2023-07-15 11:16:04,821] root - INFO - Extraction completed successfully
[2023-07-15 11:16:53,807] root - INFO - Inserting file: [outlier_clean.csv] into DB
[2023-07-15 11:16:53,807] root - INFO - Fetching entire data from DB
[2023-07-15 11:16:53,807] root - INFO - Entire data fetched successfully from DB!!!
[2023-07-15 11:16:53,807] root - INFO - Splitting Dataset into train and test
[2023-07-15 11:16:53,807] root - INFO - Index(['date', 'store_nbr', 'family', 'sales', 'onpromotion', 'holiday_type',
       'locale', 'locale_name', 'description', 'transferred', 'oil_price',
       'city', 'state', 'store_type', 'cluster', 'transactions', 'year',
       'month', 'week', 'quarter', 'day_of_week'],
      dtype='object')
[2023-07-15 11:16:53,807] root - INFO - Inserting new Training Data into DB
[2023-07-15 11:16:53,808] root - INFO - Exporting training dataset to file: [C:\Users\Sumeet Maheshwari\Desktop\end to end project\sales_store\Store_sales_forcasting_Timeseries\Sales_Forecasting_Artifact\Artifact\data_ingestion\2023-07-15-11-15-13\ingested_data\outlier_clean.csv]
[2023-07-15 11:17:20,334] root - INFO - Data Ingestion Artifact: [DataIngestionArtifact(Ingestion_file_path='C:\\Users\\Sumeet Maheshwari\\Desktop\\end to end project\\sales_store\\Store_sales_forcasting_Timeseries\\Sales_Forecasting_Artifact\\Artifact\\data_ingestion\\2023-07-15-11-15-13\\ingested_data\\outlier_clean.csv', is_ingested=True, message='Data ingestion completed successfully')]
[2023-07-15 11:17:21,431] root - INFO - 
******************** Data Ingestion log completed ********************

[2023-07-15 11:17:21,432] root - INFO - >>>>>>>>>>>>>>>>>>>>>>>>>>>>>>>>>>>>>>>>>>>>>>>>>>>>>>>>>>>>Data Validation log started.<<<<<<<<<<<<<<<<<<<<<<<<<<<<<<<<<<<<<<<<<<<<<<<<<<<<<<<<<<<< 


[2023-07-15 11:17:21,432] root - INFO - *****************Ingested data validation Started****************
[2023-07-15 11:17:21,438] root - INFO - Validation Process Started
[2023-07-15 11:17:21,439] root - INFO - Checking filename
[2023-07-15 11:17:21,439] root - ERROR - 
                        error occured in script: 
                        [C:\Users\Sumeet Maheshwari\Desktop\end to end project\sales_store\Store_sales_forcasting_Timeseries\store_sales\pipeline\training_pipeline.py] at 
                        try block line number: [90] execption block line number: [99]
                        error message: [
                        error occured in script: 
                        [C:\Users\Sumeet Maheshwari\Desktop\end to end project\sales_store\Store_sales_forcasting_Timeseries\store_sales\pipeline\training_pipeline.py] at 
                        try block line number: [47] execption block line number: [49]
                        error message: [
                        error occured in script: 
                        [C:\Users\Sumeet Maheshwari\Desktop\end to end project\sales_store\Store_sales_forcasting_Timeseries\store_sales\components\data_validation.py] at 
                        try block line number: [112] execption block line number: [130]
                        error message: [
                        error occured in script: 
                        [C:\Users\Sumeet Maheshwari\Desktop\end to end project\sales_store\Store_sales_forcasting_Timeseries\store_sales\components\data_validation.py] at 
                        try block line number: [73] execption block line number: [106]
                        error message: [
                        error occured in script: 
                        [C:\Users\Sumeet Maheshwari\Desktop\end to end project\sales_store\Store_sales_forcasting_Timeseries\store_sales\entity\raw_data_validation.py] at 
                        try block line number: [23] execption block line number: [31]
                        error message: ['FileName']]]]]
[2023-07-15 11:17:21,443] root - INFO - >>>>>>>>>>>>>>>>>>>>>>>>>>>>>>>>>>>>>>>>>>>>>>>>>>>>>>>>>>>>Data Validation log completed.<<<<<<<<<<<<<<<<<<<<<<<<<<<<<<<<<<<<<<<<<<<<<<<<<<<<<<<<<<<<
