[2023-07-16 13:53:56,648] root - INFO - Training pipleine config: TrainingPipelineConfig(artifact_dir='C:\\Users\\Sumeet Maheshwari\\Desktop\\end to end project\\sales_store\\Store_sales_forcasting_Timeseries\\Sales_Forecasting_Artifact\\Artifact')
[2023-07-16 13:53:56,680] werkzeug - WARNING -  * Debugger is active!
[2023-07-16 13:53:56,685] werkzeug - INFO -  * Debugger PIN: 344-037-183
[2023-07-16 13:54:09,593] root - INFO - Model Name :Prophet
[2023-07-16 13:54:09,595] root - INFO - Prophet prediction started
[2023-07-16 13:54:09,595] root - INFO - Columns dropped
[2023-07-16 13:54:09,663] root - INFO - df copyed
[2023-07-16 13:54:10,084] root - INFO - unnecessary columns dropped
[2023-07-16 13:54:10,095] root - INFO - rename done
[2023-07-16 13:54:10,170] root - INFO - df_gp series created
[2023-07-16 13:54:10,171] root - INFO - df_gp dataframe created
[2023-07-16 13:54:10,212] root - INFO - Predictions stated
[2023-07-16 13:54:10,389] root - INFO - Prediction completed
[2023-07-16 13:54:10,413] root - INFO -             ds         trend    yhat_lower  ...  multiplicative_terms_lower  multiplicative_terms_upper           yhat
0   2016-01-01 786985.273201 672428.398702  ...                    0.000000                    0.000000  808447.542071
1   2016-01-02 787182.790562 848272.614450  ...                    0.000000                    0.000000  985560.119652
2   2016-01-03 787380.307923 896631.551337  ...                    0.000000                    0.000000 1030626.969330
3   2016-01-04 787577.825284 673849.899092  ...                    0.000000                    0.000000  810224.102863
4   2016-01-05 787775.342645 623434.656852  ...                    0.000000                    0.000000  750096.359352
..         ...           ...           ...  ...                         ...                         ...            ...
587 2017-08-11 896023.796921 594395.937356  ...                    0.000000                    0.000000  734396.613229
588 2017-08-12 896271.243706 785902.564702  ...                    0.000000                    0.000000  922972.298925
589 2017-08-13 896518.690492 858244.061058  ...                    0.000000                    0.000000  980286.951753
590 2017-08-14 896766.137277 637661.333980  ...                    0.000000                    0.000000  771251.426536
591 2017-08-15 897013.584062 596090.288456  ...                    0.000000                    0.000000  725727.571901

[592 rows x 25 columns]
[2023-07-16 13:54:10,413] root - INFO - <class 'pandas.core.frame.DataFrame'>
[2023-07-16 13:54:10,414] root - INFO - New_dataframe created.
[2023-07-16 13:54:10,461] werkzeug - INFO - 127.0.0.1 - - [16/Jul/2023 13:54:10] "[35m[1mPOST / HTTP/1.1[0m" 500 -
[2023-07-16 13:54:10,859] werkzeug - INFO - 127.0.0.1 - - [16/Jul/2023 13:54:10] "[36mGET /?__debugger__=yes&cmd=resource&f=style.css HTTP/1.1[0m" 304 -
[2023-07-16 13:54:10,860] werkzeug - INFO - 127.0.0.1 - - [16/Jul/2023 13:54:10] "[36mGET /?__debugger__=yes&cmd=resource&f=debugger.js HTTP/1.1[0m" 304 -
[2023-07-16 13:54:10,875] werkzeug - INFO - 127.0.0.1 - - [16/Jul/2023 13:54:10] "[36mGET /?__debugger__=yes&cmd=resource&f=console.png HTTP/1.1[0m" 304 -
[2023-07-16 13:54:11,041] werkzeug - INFO - 127.0.0.1 - - [16/Jul/2023 13:54:11] "[36mGET /?__debugger__=yes&cmd=resource&f=console.png HTTP/1.1[0m" 304 -
[2023-07-16 13:54:33,974] werkzeug - INFO -  * Detected change in 'C:\\Users\\Sumeet Maheshwari\\Desktop\\end to end project\\sales_store\\Store_sales_forcasting_Timeseries\\Prediction\\batch_prediction.py', reloading
[2023-07-16 13:54:33,974] werkzeug - INFO -  * Detected change in 'C:\\Users\\Sumeet Maheshwari\\Desktop\\end to end project\\sales_store\\Store_sales_forcasting_Timeseries\\Prediction\\batch_prediction.py', reloading
[2023-07-16 13:54:33,976] werkzeug - INFO -  * Detected change in 'C:\\Users\\Sumeet Maheshwari\\Desktop\\end to end project\\sales_store\\Store_sales_forcasting_Timeseries\\Prediction\\batch_prediction.py', reloading
[2023-07-16 13:54:33,976] werkzeug - INFO -  * Detected change in 'C:\\Users\\Sumeet Maheshwari\\Desktop\\end to end project\\sales_store\\Store_sales_forcasting_Timeseries\\Prediction\\batch_prediction.py', reloading
