[2023-07-16 13:55:07,514] root - INFO - Training pipleine config: TrainingPipelineConfig(artifact_dir='C:\\Users\\Sumeet Maheshwari\\Desktop\\end to end project\\sales_store\\Store_sales_forcasting_Timeseries\\Sales_Forecasting_Artifact\\Artifact')
[2023-07-16 13:55:07,534] werkzeug - WARNING -  * Debugger is active!
[2023-07-16 13:55:07,536] werkzeug - INFO -  * Debugger PIN: 344-037-183
[2023-07-16 13:55:16,091] root - INFO - Model Name :Prophet
[2023-07-16 13:55:16,092] root - INFO - Prophet prediction started
[2023-07-16 13:55:16,093] root - INFO - Columns dropped
[2023-07-16 13:55:16,261] root - INFO - df copyed
[2023-07-16 13:55:17,373] root - INFO - unnecessary columns dropped
[2023-07-16 13:55:17,393] root - INFO - rename done
[2023-07-16 13:55:17,503] root - INFO - df_gp series created
[2023-07-16 13:55:17,503] root - INFO - df_gp dataframe created
[2023-07-16 13:55:17,590] root - INFO - Predictions stated
[2023-07-16 13:55:18,033] root - INFO - Prediction completed
[2023-07-16 13:55:18,098] root - INFO -             ds         trend    yhat_lower  ...  multiplicative_terms_lower  multiplicative_terms_upper           yhat
0   2016-01-01 786985.273201 676236.066244  ...                    0.000000                    0.000000  808447.542071
1   2016-01-02 787182.790562 853569.761191  ...                    0.000000                    0.000000  985560.119652
2   2016-01-03 787380.307923 896535.145496  ...                    0.000000                    0.000000 1030626.969330
3   2016-01-04 787577.825284 674688.223371  ...                    0.000000                    0.000000  810224.102863
4   2016-01-05 787775.342645 618423.661752  ...                    0.000000                    0.000000  750096.359352
..         ...           ...           ...  ...                         ...                         ...            ...
587 2017-08-11 896023.796921 600430.970920  ...                    0.000000                    0.000000  734396.613229
588 2017-08-12 896271.243706 789080.106671  ...                    0.000000                    0.000000  922972.298925
589 2017-08-13 896518.690492 855708.821734  ...                    0.000000                    0.000000  980286.951753
590 2017-08-14 896766.137277 634308.368797  ...                    0.000000                    0.000000  771251.426536
591 2017-08-15 897013.584062 586546.564188  ...                    0.000000                    0.000000  725727.571901

[592 rows x 25 columns]
[2023-07-16 13:55:18,098] root - INFO - <class 'pandas.core.frame.DataFrame'>
[2023-07-16 13:55:18,124] root - INFO - New_dataframe created.
[2023-07-16 13:55:18,227] werkzeug - INFO - 127.0.0.1 - - [16/Jul/2023 13:55:18] "[35m[1mPOST / HTTP/1.1[0m" 500 -
[2023-07-16 13:55:18,934] werkzeug - INFO - 127.0.0.1 - - [16/Jul/2023 13:55:18] "[36mGET /?__debugger__=yes&cmd=resource&f=style.css HTTP/1.1[0m" 304 -
[2023-07-16 13:55:18,948] werkzeug - INFO - 127.0.0.1 - - [16/Jul/2023 13:55:18] "[36mGET /?__debugger__=yes&cmd=resource&f=debugger.js HTTP/1.1[0m" 304 -
[2023-07-16 13:55:19,114] werkzeug - INFO - 127.0.0.1 - - [16/Jul/2023 13:55:19] "[36mGET /?__debugger__=yes&cmd=resource&f=console.png HTTP/1.1[0m" 304 -
[2023-07-16 13:55:19,357] werkzeug - INFO - 127.0.0.1 - - [16/Jul/2023 13:55:19] "[36mGET /?__debugger__=yes&cmd=resource&f=console.png HTTP/1.1[0m" 304 -
