[2023-07-21 11:09:14,489] root - INFO - Training pipleine config: TrainingPipelineConfig(artifact_dir='C:\\Users\\Sumeet Maheshwari\\Desktop\\end to end project\\sales_store\\Store_sales_forcasting_Timeseries\\Sales_Forecasting_Artifact\\Artifact')
[2023-07-21 11:09:14,506] werkzeug - WARNING -  * Debugger is active!
[2023-07-21 11:09:14,509] werkzeug - INFO -  * Debugger PIN: 344-037-183
[2023-07-21 11:09:15,292] werkzeug - INFO - 127.0.0.1 - - [21/Jul/2023 11:09:15] "GET / HTTP/1.1" 200 -
[2023-07-21 11:09:29,936] root - INFO - Model Name :Prophet
[2023-07-21 11:09:29,937] root - INFO - Prophet prediction started
[2023-07-21 11:09:29,938] root - INFO - Columns dropped
[2023-07-21 11:09:30,050] root - INFO - df copyed
[2023-07-21 11:09:30,674] root - INFO - unnecessary columns dropped
[2023-07-21 11:09:30,684] root - INFO - rename done
[2023-07-21 11:09:30,762] root - INFO - df_gp series created
[2023-07-21 11:09:30,762] root - INFO - df_gp dataframe created
[2023-07-21 11:09:30,777] root - INFO - Predictions stated
[2023-07-21 11:09:30,989] root - INFO - Prediction completed
[2023-07-21 11:09:31,018] root - INFO -             ds         trend    yhat_lower  ...  multiplicative_terms_lower  multiplicative_terms_upper           yhat
0   2016-01-01 786985.273201 681172.911242  ...                    0.000000                    0.000000  808447.542071
1   2016-01-02 787182.790562 852952.192583  ...                    0.000000                    0.000000  985560.119652
2   2016-01-03 787380.307923 899511.618865  ...                    0.000000                    0.000000 1030626.969330
3   2016-01-04 787577.825284 675562.740264  ...                    0.000000                    0.000000  810224.102863
4   2016-01-05 787775.342645 617314.829018  ...                    0.000000                    0.000000  750096.359352
..         ...           ...           ...  ...                         ...                         ...            ...
587 2017-08-11 896023.796921 600958.284526  ...                    0.000000                    0.000000  734396.613229
588 2017-08-12 896271.243706 785420.508717  ...                    0.000000                    0.000000  922972.298925
589 2017-08-13 896518.690492 846894.473901  ...                    0.000000                    0.000000  980286.951753
590 2017-08-14 896766.137277 640282.597539  ...                    0.000000                    0.000000  771251.426536
591 2017-08-15 897013.584062 593638.284000  ...                    0.000000                    0.000000  725727.571901

[592 rows x 25 columns]
[2023-07-21 11:09:31,018] root - INFO - <class 'pandas.core.frame.DataFrame'>
[2023-07-21 11:09:31,018] root - INFO - New_dataframe created.
[2023-07-21 11:09:31,018] root - INFO - date columns is converted into datetime format
[2023-07-21 11:09:31,018] root - INFO - Converting date columns into index
[2023-07-21 11:09:31,018] root - INFO - converted date columns into index
[2023-07-21 11:09:31,018] root - INFO - Updated new df created
[2023-07-21 11:09:31,052] werkzeug - INFO - 127.0.0.1 - - [21/Jul/2023 11:09:31] "[35m[1mPOST / HTTP/1.1[0m" 500 -
[2023-07-21 11:09:31,406] werkzeug - INFO - 127.0.0.1 - - [21/Jul/2023 11:09:31] "[36mGET /?__debugger__=yes&cmd=resource&f=style.css HTTP/1.1[0m" 304 -
[2023-07-21 11:09:31,407] werkzeug - INFO - 127.0.0.1 - - [21/Jul/2023 11:09:31] "[36mGET /?__debugger__=yes&cmd=resource&f=debugger.js HTTP/1.1[0m" 304 -
[2023-07-21 11:09:31,423] werkzeug - INFO - 127.0.0.1 - - [21/Jul/2023 11:09:31] "[36mGET /?__debugger__=yes&cmd=resource&f=console.png HTTP/1.1[0m" 304 -
[2023-07-21 11:09:31,622] werkzeug - INFO - 127.0.0.1 - - [21/Jul/2023 11:09:31] "[36mGET /?__debugger__=yes&cmd=resource&f=console.png HTTP/1.1[0m" 304 -
[2023-07-21 11:10:34,725] werkzeug - INFO -  * Detected change in 'C:\\Users\\Sumeet Maheshwari\\Desktop\\end to end project\\sales_store\\Store_sales_forcasting_Timeseries\\Prediction\\batch_prediction.py', reloading
[2023-07-21 11:10:34,727] werkzeug - INFO -  * Detected change in 'C:\\Users\\Sumeet Maheshwari\\Desktop\\end to end project\\sales_store\\Store_sales_forcasting_Timeseries\\Prediction\\batch_prediction.py', reloading
[2023-07-21 11:10:34,727] werkzeug - INFO -  * Detected change in 'C:\\Users\\Sumeet Maheshwari\\Desktop\\end to end project\\sales_store\\Store_sales_forcasting_Timeseries\\Prediction\\batch_prediction.py', reloading
[2023-07-21 11:10:34,727] werkzeug - INFO -  * Detected change in 'C:\\Users\\Sumeet Maheshwari\\Desktop\\end to end project\\sales_store\\Store_sales_forcasting_Timeseries\\Prediction\\batch_prediction.py', reloading
