[2023-07-21 11:07:08,066] root - INFO - Training pipleine config: TrainingPipelineConfig(artifact_dir='C:\\Users\\Sumeet Maheshwari\\Desktop\\end to end project\\sales_store\\Store_sales_forcasting_Timeseries\\Sales_Forecasting_Artifact\\Artifact')
[2023-07-21 11:07:08,081] werkzeug - WARNING -  * Debugger is active!
[2023-07-21 11:07:08,083] werkzeug - INFO -  * Debugger PIN: 344-037-183
[2023-07-21 11:07:38,801] werkzeug - INFO - 127.0.0.1 - - [21/Jul/2023 11:07:38] "GET / HTTP/1.1" 200 -
[2023-07-21 11:07:47,614] root - INFO - Model Name :Prophet
[2023-07-21 11:07:47,615] root - INFO - Prophet prediction started
[2023-07-21 11:07:47,615] root - INFO - Columns dropped
[2023-07-21 11:07:47,672] root - INFO - df copyed
[2023-07-21 11:07:48,032] root - INFO - unnecessary columns dropped
[2023-07-21 11:07:48,037] root - INFO - rename done
[2023-07-21 11:07:48,073] root - INFO - df_gp series created
[2023-07-21 11:07:48,073] root - INFO - df_gp dataframe created
[2023-07-21 11:07:48,082] root - INFO - Predictions stated
[2023-07-21 11:07:48,231] root - INFO - Prediction completed
[2023-07-21 11:07:48,252] root - INFO -             ds         trend    yhat_lower  ...  multiplicative_terms_lower  multiplicative_terms_upper           yhat
0   2016-01-01 786985.273201 676216.702104  ...                    0.000000                    0.000000  808447.542071
1   2016-01-02 787182.790562 845451.209709  ...                    0.000000                    0.000000  985560.119652
2   2016-01-03 787380.307923 893833.251813  ...                    0.000000                    0.000000 1030626.969330
3   2016-01-04 787577.825284 673078.391662  ...                    0.000000                    0.000000  810224.102863
4   2016-01-05 787775.342645 618154.406368  ...                    0.000000                    0.000000  750096.359352
..         ...           ...           ...  ...                         ...                         ...            ...
587 2017-08-11 896023.796921 595077.938531  ...                    0.000000                    0.000000  734396.613229
588 2017-08-12 896271.243706 782822.221197  ...                    0.000000                    0.000000  922972.298925
589 2017-08-13 896518.690492 842730.265552  ...                    0.000000                    0.000000  980286.951753
590 2017-08-14 896766.137277 632675.114390  ...                    0.000000                    0.000000  771251.426536
591 2017-08-15 897013.584062 595887.962249  ...                    0.000000                    0.000000  725727.571901

[592 rows x 25 columns]
[2023-07-21 11:07:48,252] root - INFO - <class 'pandas.core.frame.DataFrame'>
[2023-07-21 11:07:48,252] root - INFO - New_dataframe created.
[2023-07-21 11:07:48,252] root - INFO - date columns is converted into datetime format
[2023-07-21 11:07:48,252] root - INFO - Converting date columns into index
[2023-07-21 11:07:48,252] root - INFO - converted date columns into index
[2023-07-21 11:07:48,252] root - INFO - Updated new df created
[2023-07-21 11:07:48,254] root - INFO - None
[2023-07-21 11:07:48,264] root - INFO - print('last_few_values:'         date  oil_price      sales
0  2017-05-08  46.460000 435.638325
1  2017-05-09  45.840000 401.689786
2  2017-05-10  47.280000 429.911283
3  2017-05-11  47.810000 364.001354
4  2017-05-12  47.830000 429.187663
..        ...        ...        ...
95 2017-08-11  48.810000 463.733851
96 2017-08-12  48.810000 444.798280
97 2017-08-13  48.810000 485.768618
98 2017-08-14  47.590000 427.004717
99 2017-08-15  47.570000 427.980884

[100 rows x 3 columns])
[2023-07-21 11:07:48,264] root - INFO - print('last_few_values index:'RangeIndex(start=0, stop=100, step=1))
[2023-07-21 11:07:48,290] root - INFO - print('predictions:'            ds         trend    yhat_lower  ...  multiplicative_terms_lower  multiplicative_terms_upper           yhat
0   2016-01-01 786985.273201 676216.702104  ...                    0.000000                    0.000000  808447.542071
1   2016-01-02 787182.790562 845451.209709  ...                    0.000000                    0.000000  985560.119652
2   2016-01-03 787380.307923 893833.251813  ...                    0.000000                    0.000000 1030626.969330
3   2016-01-04 787577.825284 673078.391662  ...                    0.000000                    0.000000  810224.102863
4   2016-01-05 787775.342645 618154.406368  ...                    0.000000                    0.000000  750096.359352
..         ...           ...           ...  ...                         ...                         ...            ...
587 2017-08-11 896023.796921 595077.938531  ...                    0.000000                    0.000000  734396.613229
588 2017-08-12 896271.243706 782822.221197  ...                    0.000000                    0.000000  922972.298925
589 2017-08-13 896518.690492 842730.265552  ...                    0.000000                    0.000000  980286.951753
590 2017-08-14 896766.137277 632675.114390  ...                    0.000000                    0.000000  771251.426536
591 2017-08-15 897013.584062 595887.962249  ...                    0.000000                    0.000000  725727.571901

[592 rows x 25 columns])
[2023-07-21 11:07:48,290] root - INFO - print('predictions index:'RangeIndex(start=0, stop=592, step=1))
[2023-07-21 11:07:48,290] root - INFO - <class 'pandas.core.frame.DataFrame'>
[2023-07-21 11:07:48,290] root - INFO - <class 'pandas.core.frame.DataFrame'>
[2023-07-21 11:07:48,396] werkzeug - INFO - 127.0.0.1 - - [21/Jul/2023 11:07:48] "[35m[1mPOST / HTTP/1.1[0m" 500 -
[2023-07-21 11:07:48,720] werkzeug - INFO - 127.0.0.1 - - [21/Jul/2023 11:07:48] "[36mGET /?__debugger__=yes&cmd=resource&f=debugger.js HTTP/1.1[0m" 304 -
[2023-07-21 11:07:48,720] werkzeug - INFO - 127.0.0.1 - - [21/Jul/2023 11:07:48] "[36mGET /?__debugger__=yes&cmd=resource&f=style.css HTTP/1.1[0m" 304 -
[2023-07-21 11:07:48,755] werkzeug - INFO - 127.0.0.1 - - [21/Jul/2023 11:07:48] "[36mGET /?__debugger__=yes&cmd=resource&f=console.png HTTP/1.1[0m" 304 -
[2023-07-21 11:07:48,935] werkzeug - INFO - 127.0.0.1 - - [21/Jul/2023 11:07:48] "[36mGET /?__debugger__=yes&cmd=resource&f=console.png HTTP/1.1[0m" 304 -
[2023-07-21 11:08:45,337] werkzeug - INFO -  * Detected change in 'C:\\Users\\Sumeet Maheshwari\\Desktop\\end to end project\\sales_store\\Store_sales_forcasting_Timeseries\\Prediction\\batch_prediction.py', reloading
[2023-07-21 11:08:45,340] werkzeug - INFO -  * Detected change in 'C:\\Users\\Sumeet Maheshwari\\Desktop\\end to end project\\sales_store\\Store_sales_forcasting_Timeseries\\Prediction\\batch_prediction.py', reloading
[2023-07-21 11:08:45,341] werkzeug - INFO -  * Detected change in 'C:\\Users\\Sumeet Maheshwari\\Desktop\\end to end project\\sales_store\\Store_sales_forcasting_Timeseries\\Prediction\\batch_prediction.py', reloading
[2023-07-21 11:08:45,341] werkzeug - INFO -  * Detected change in 'C:\\Users\\Sumeet Maheshwari\\Desktop\\end to end project\\sales_store\\Store_sales_forcasting_Timeseries\\Prediction\\batch_prediction.py', reloading
