[2023-07-16 13:45:43,598] root - INFO - Training pipleine config: TrainingPipelineConfig(artifact_dir='C:\\Users\\Sumeet Maheshwari\\Desktop\\end to end project\\sales_store\\Store_sales_forcasting_Timeseries\\Sales_Forecasting_Artifact\\Artifact')
[2023-07-16 13:45:43,613] werkzeug - WARNING -  * Debugger is active!
[2023-07-16 13:45:43,615] werkzeug - INFO -  * Debugger PIN: 344-037-183
[2023-07-16 13:45:48,841] werkzeug - INFO - 127.0.0.1 - - [16/Jul/2023 13:45:48] "GET / HTTP/1.1" 200 -
[2023-07-16 13:46:08,111] root - INFO - Model Name :Prophet
[2023-07-16 13:46:08,112] root - INFO - Prophet prediction started
[2023-07-16 13:46:08,113] root - INFO - Columns dropped
[2023-07-16 13:46:08,281] root - INFO - df copyed
[2023-07-16 13:46:09,381] root - INFO - unnecessary columns dropped
[2023-07-16 13:46:09,398] root - INFO - rename done
[2023-07-16 13:46:09,513] root - INFO - df_gp series created
[2023-07-16 13:46:09,514] root - INFO - df_gp dataframe created
[2023-07-16 13:46:09,600] root - INFO - Predictions stated
[2023-07-16 13:46:10,013] root - INFO - Prediction completed
[2023-07-16 13:46:10,101] root - INFO -             ds         trend    yhat_lower  ...  multiplicative_terms_lower  multiplicative_terms_upper           yhat
0   2016-01-01 786985.273201 674747.505100  ...                    0.000000                    0.000000  808447.542071
1   2016-01-02 787182.790562 852093.399372  ...                    0.000000                    0.000000  985560.119652
2   2016-01-03 787380.307923 893806.452418  ...                    0.000000                    0.000000 1030626.969330
3   2016-01-04 787577.825284 680888.422476  ...                    0.000000                    0.000000  810224.102863
4   2016-01-05 787775.342645 615515.484751  ...                    0.000000                    0.000000  750096.359352
..         ...           ...           ...  ...                         ...                         ...            ...
587 2017-08-11 896023.796921 607709.360054  ...                    0.000000                    0.000000  734396.613229
588 2017-08-12 896271.243706 784812.117945  ...                    0.000000                    0.000000  922972.298925
589 2017-08-13 896518.690492 837522.120584  ...                    0.000000                    0.000000  980286.951753
590 2017-08-14 896766.137277 644442.827487  ...                    0.000000                    0.000000  771251.426536
591 2017-08-15 897013.584062 584638.076655  ...                    0.000000                    0.000000  725727.571901

[592 rows x 25 columns]
[2023-07-16 13:46:10,102] root - INFO - <class 'pandas.core.frame.DataFrame'>
[2023-07-16 13:46:10,144] werkzeug - INFO -  * Detected change in 'C:\\Users\\Sumeet Maheshwari\\anaconda3\\Lib\\site-packages\\flask\\app.py', reloading
[2023-07-16 13:46:10,148] werkzeug - INFO -  * Detected change in 'C:\\Users\\Sumeet Maheshwari\\anaconda3\\Lib\\site-packages\\pandas\\util\\_decorators.py', reloading
[2023-07-16 13:46:10,187] werkzeug - INFO - 127.0.0.1 - - [16/Jul/2023 13:46:10] "[35m[1mPOST / HTTP/1.1[0m" 500 -
[2023-07-16 13:46:10,954] werkzeug - INFO - 127.0.0.1 - - [16/Jul/2023 13:46:10] "[36mGET /?__debugger__=yes&cmd=resource&f=debugger.js HTTP/1.1[0m" 304 -
[2023-07-16 13:46:10,955] werkzeug - INFO - 127.0.0.1 - - [16/Jul/2023 13:46:10] "[36mGET /?__debugger__=yes&cmd=resource&f=style.css HTTP/1.1[0m" 304 -
[2023-07-16 13:46:10,974] werkzeug - INFO - 127.0.0.1 - - [16/Jul/2023 13:46:10] "[36mGET /?__debugger__=yes&cmd=resource&f=console.png HTTP/1.1[0m" 304 -
[2023-07-16 13:46:11,176] werkzeug - INFO - 127.0.0.1 - - [16/Jul/2023 13:46:11] "[36mGET /?__debugger__=yes&cmd=resource&f=console.png HTTP/1.1[0m" 304 -
