[2023-07-21 10:50:55,829] root - INFO - Training pipleine config: TrainingPipelineConfig(artifact_dir='C:\\Users\\Sumeet Maheshwari\\Desktop\\end to end project\\sales_store\\Store_sales_forcasting_Timeseries\\Sales_Forecasting_Artifact\\Artifact')
[2023-07-21 10:50:55,843] werkzeug - WARNING -  * Debugger is active!
[2023-07-21 10:50:55,849] werkzeug - INFO -  * Debugger PIN: 344-037-183
[2023-07-21 10:51:01,429] werkzeug - INFO - 127.0.0.1 - - [21/Jul/2023 10:51:01] "GET / HTTP/1.1" 200 -
[2023-07-21 10:51:03,952] werkzeug - INFO - 127.0.0.1 - - [21/Jul/2023 10:51:03] "[33mGET /favicon.ico HTTP/1.1[0m" 404 -
[2023-07-21 10:51:19,412] root - INFO - Model Name :Prophet
[2023-07-21 10:51:19,413] root - INFO - Prophet prediction started
[2023-07-21 10:51:19,413] root - INFO - Columns dropped
[2023-07-21 10:51:19,540] root - INFO - df copyed
[2023-07-21 10:51:20,252] root - INFO - unnecessary columns dropped
[2023-07-21 10:51:20,261] root - INFO - rename done
[2023-07-21 10:51:20,331] root - INFO - df_gp series created
[2023-07-21 10:51:20,332] root - INFO - df_gp dataframe created
[2023-07-21 10:51:20,357] root - INFO - Predictions stated
[2023-07-21 10:51:20,599] root - INFO - Prediction completed
[2023-07-21 10:51:20,628] root - INFO -             ds         trend    yhat_lower  ...  multiplicative_terms_lower  multiplicative_terms_upper           yhat
0   2016-01-01 786985.273201 679088.117789  ...                    0.000000                    0.000000  808447.542071
1   2016-01-02 787182.790562 847787.665719  ...                    0.000000                    0.000000  985560.119652
2   2016-01-03 787380.307923 901440.270898  ...                    0.000000                    0.000000 1030626.969330
3   2016-01-04 787577.825284 677822.534645  ...                    0.000000                    0.000000  810224.102863
4   2016-01-05 787775.342645 616337.243872  ...                    0.000000                    0.000000  750096.359352
..         ...           ...           ...  ...                         ...                         ...            ...
587 2017-08-11 896023.796921 609752.916223  ...                    0.000000                    0.000000  734396.613229
588 2017-08-12 896271.243706 789312.025790  ...                    0.000000                    0.000000  922972.298925
589 2017-08-13 896518.690492 847413.053825  ...                    0.000000                    0.000000  980286.951753
590 2017-08-14 896766.137277 636656.076729  ...                    0.000000                    0.000000  771251.426536
591 2017-08-15 897013.584062 583995.434380  ...                    0.000000                    0.000000  725727.571901

[592 rows x 25 columns]
[2023-07-21 10:51:20,628] root - INFO - <class 'pandas.core.frame.DataFrame'>
[2023-07-21 10:51:20,628] root - INFO - New_dataframe created.
[2023-07-21 10:51:20,628] root - INFO - date columns is converted into datetime format
[2023-07-21 10:51:20,628] root - INFO - Converting date columns into index
[2023-07-21 10:51:20,629] root - INFO - converted date columns into index
[2023-07-21 10:51:20,629] root - INFO - Updated new df created
[2023-07-21 10:51:20,630] root - INFO - <class 'pandas.core.frame.DataFrame'>
[2023-07-21 10:51:20,630] root - INFO - <class 'pandas.core.frame.DataFrame'>
[2023-07-21 10:51:20,933] werkzeug - INFO -  * Detected change in 'C:\\Users\\Sumeet Maheshwari\\anaconda3\\Lib\\site-packages\\flask\\app.py', reloading
[2023-07-21 10:51:20,938] werkzeug - INFO -  * Detected change in 'C:\\Users\\Sumeet Maheshwari\\anaconda3\\Lib\\site-packages\\matplotlib\\pyplot.py', reloading
[2023-07-21 10:51:20,942] werkzeug - INFO -  * Detected change in 'C:\\Users\\Sumeet Maheshwari\\anaconda3\\Lib\\site-packages\\matplotlib\\axes\\_axes.py', reloading
[2023-07-21 10:51:20,945] werkzeug - INFO -  * Detected change in 'C:\\Users\\Sumeet Maheshwari\\anaconda3\\Lib\\site-packages\\matplotlib\\axes\\_base.py', reloading
[2023-07-21 10:51:20,948] werkzeug - INFO -  * Detected change in 'C:\\Users\\Sumeet Maheshwari\\anaconda3\\Lib\\site-packages\\matplotlib\\cbook\\__init__.py', reloading
[2023-07-21 10:51:20,953] werkzeug - INFO -  * Detected change in 'C:\\Users\\Sumeet Maheshwari\\anaconda3\\Lib\\site-packages\\pandas\\core\\frame.py', reloading
[2023-07-21 10:51:20,956] werkzeug - INFO -  * Detected change in 'C:\\Users\\Sumeet Maheshwari\\anaconda3\\Lib\\site-packages\\pandas\\core\\indexes\\base.py', reloading
[2023-07-21 10:51:20,985] werkzeug - INFO - 127.0.0.1 - - [21/Jul/2023 10:51:20] "[35m[1mPOST / HTTP/1.1[0m" 500 -
[2023-07-21 10:51:21,330] werkzeug - INFO - 127.0.0.1 - - [21/Jul/2023 10:51:21] "[36mGET /?__debugger__=yes&cmd=resource&f=debugger.js HTTP/1.1[0m" 304 -
[2023-07-21 10:51:21,331] werkzeug - INFO - 127.0.0.1 - - [21/Jul/2023 10:51:21] "[36mGET /?__debugger__=yes&cmd=resource&f=style.css HTTP/1.1[0m" 304 -
[2023-07-21 10:51:21,507] werkzeug - INFO - 127.0.0.1 - - [21/Jul/2023 10:51:21] "[36mGET /?__debugger__=yes&cmd=resource&f=console.png HTTP/1.1[0m" 304 -
[2023-07-21 10:51:21,615] werkzeug - INFO - 127.0.0.1 - - [21/Jul/2023 10:51:21] "[36mGET /?__debugger__=yes&cmd=resource&f=console.png HTTP/1.1[0m" 304 -
