[2023-07-15 12:17:09,359] numexpr.utils - INFO - NumExpr defaulting to 8 threads.
[2023-07-15 12:17:12,840] root - INFO - Training pipleine config: TrainingPipelineConfig(artifact_dir='C:\\Users\\Sumeet Maheshwari\\Desktop\\end to end project\\sales_store\\Store_sales_forcasting_Timeseries\\Sales_Forecasting_Artifact\\Artifact')
[2023-07-15 12:17:12,841] root - INFO - Data Ingestion Config : DataIngestionConfig(dataset_download_url='https://github.com/sumeet0701/data-dump/blob/main/outlier_clean.zip?raw=true', tgz_download_dir='C:\\Users\\Sumeet Maheshwari\\Desktop\\end to end project\\sales_store\\Store_sales_forcasting_Timeseries\\Sales_Forecasting_Artifact\\Artifact\\data_ingestion\\2023-07-15-12-17-08\\tgz_data', raw_data_dir='C:\\Users\\Sumeet Maheshwari\\Desktop\\end to end project\\sales_store\\Store_sales_forcasting_Timeseries\\Sales_Forecasting_Artifact\\Artifact\\data_ingestion\\2023-07-15-12-17-08\\raw_data', ingested_data_dir='C:\\Users\\Sumeet Maheshwari\\Desktop\\end to end project\\sales_store\\Store_sales_forcasting_Timeseries\\Sales_Forecasting_Artifact\\Artifact\\data_ingestion\\2023-07-15-12-17-08\\ingested_data') 
[2023-07-15 12:17:12,842] root - INFO - 
******************** Data Ingestion log started ********************

[2023-07-15 12:17:12,847] root - INFO - Connection with DB created successfully!!!
[2023-07-15 12:17:12,848] root - INFO - Downloading file from: [https://github.com/sumeet0701/data-dump/blob/main/outlier_clean.zip?raw=true] into : [C:\Users\Sumeet Maheshwari\Desktop\end to end project\sales_store\Store_sales_forcasting_Timeseries\Sales_Forecasting_Artifact\Artifact\data_ingestion\2023-07-15-12-17-08\tgz_data\store_sales.zip]
[2023-07-15 12:17:50,004] root - INFO - File: [C:\Users\Sumeet Maheshwari\Desktop\end to end project\sales_store\Store_sales_forcasting_Timeseries\Sales_Forecasting_Artifact\Artifact\data_ingestion\2023-07-15-12-17-08\tgz_data\store_sales.zip] has been downloaded successfully
[2023-07-15 12:17:50,005] root - INFO - Extracting zipped file : [C:\Users\Sumeet Maheshwari\Desktop\end to end project\sales_store\Store_sales_forcasting_Timeseries\Sales_Forecasting_Artifact\Artifact\data_ingestion\2023-07-15-12-17-08\tgz_data\store_sales.zip] into dir: [C:\Users\Sumeet Maheshwari\Desktop\end to end project\sales_store\Store_sales_forcasting_Timeseries\Sales_Forecasting_Artifact\Artifact\data_ingestion\2023-07-15-12-17-08\raw_data]
[2023-07-15 12:17:50,868] root - INFO - Extraction completed successfully
[2023-07-15 12:18:27,145] root - INFO - Inserting file: [outlier_clean.csv] into DB
[2023-07-15 12:18:27,145] root - INFO - Fetching entire data from DB
[2023-07-15 12:18:27,145] root - INFO - Entire data fetched successfully from DB!!!
[2023-07-15 12:18:27,145] root - INFO - Splitting Dataset into train and test
[2023-07-15 12:18:27,146] root - INFO - Index(['date', 'store_nbr', 'family', 'sales', 'onpromotion', 'holiday_type',
       'locale', 'locale_name', 'description', 'transferred', 'oil_price',
       'city', 'state', 'store_type', 'cluster', 'transactions', 'year',
       'month', 'week', 'quarter', 'day_of_week'],
      dtype='object')
[2023-07-15 12:18:27,146] root - INFO - Inserting new Training Data into DB
[2023-07-15 12:18:27,146] root - INFO - Exporting training dataset to file: [C:\Users\Sumeet Maheshwari\Desktop\end to end project\sales_store\Store_sales_forcasting_Timeseries\Sales_Forecasting_Artifact\Artifact\data_ingestion\2023-07-15-12-17-08\ingested_data\outlier_clean.csv]
[2023-07-15 12:18:47,092] root - INFO - Data Ingestion Artifact: [DataIngestionArtifact(Ingestion_file_path='C:\\Users\\Sumeet Maheshwari\\Desktop\\end to end project\\sales_store\\Store_sales_forcasting_Timeseries\\Sales_Forecasting_Artifact\\Artifact\\data_ingestion\\2023-07-15-12-17-08\\ingested_data\\outlier_clean.csv', is_ingested=True, message='Data ingestion completed successfully')]
[2023-07-15 12:18:48,090] root - INFO - 
******************** Data Ingestion log completed ********************

[2023-07-15 12:18:48,091] root - INFO - >>>>>>>>>>>>>>>>>>>>>>>>>>>>>>>>>>>>>>>>>>>>>>>>>>>>>>>>>>>>Data Validation log started.<<<<<<<<<<<<<<<<<<<<<<<<<<<<<<<<<<<<<<<<<<<<<<<<<<<<<<<<<<<< 


[2023-07-15 12:18:48,091] root - INFO - *****************Ingested data validation Started****************
[2023-07-15 12:18:48,095] root - INFO - Validation Process Started
[2023-07-15 12:18:48,095] root - INFO - Checking filename
[2023-07-15 12:18:48,096] root - INFO - Checking check_column_names
[2023-07-15 12:18:53,244] root - INFO - Checking missing_values_whole_columns
[2023-07-15 12:18:58,963] root - INFO - Checking replacinig_null_values_with_null
[2023-07-15 12:19:06,643] root - INFO - replacinig_null_values_with_null is sucessfully
[2023-07-15 12:19:06,719] root - INFO - Train_set status|is Train filename validated?: True|is train column name validated?: True|whole missing columns?True
[2023-07-15 12:19:07,039] root - INFO - Exported validated  dataset to file: [C:\Users\Sumeet Maheshwari\Desktop\end to end project\sales_store\Store_sales_forcasting_Timeseries\Sales_Forecasting_Artifact\Artifact\data_validation\2023-07-15-12-17-08\validated_data]
[2023-07-15 12:19:07,039] root - INFO - Data validation artifact: DataValidationArtifact(schema_file_path='C:\\Users\\Sumeet Maheshwari\\Desktop\\end to end project\\sales_store\\Store_sales_forcasting_Timeseries\\config\\schema.yaml', message='Validated', validated_file_path='C:\\Users\\Sumeet Maheshwari\\Desktop\\end to end project\\sales_store\\Store_sales_forcasting_Timeseries\\Sales_Forecasting_Artifact\\Artifact\\data_validation\\2023-07-15-12-17-08\\validated_data')
[2023-07-15 12:19:07,039] root - INFO - >>>>>>>>>>>>>>>>>>>>>>>>>>>>>>>>>>>>>>>>>>>>>>>>>>>>>>>>>>>>Data Validation log completed.<<<<<<<<<<<<<<<<<<<<<<<<<<<<<<<<<<<<<<<<<<<<<<<<<<<<<<<<<<<<
[2023-07-15 12:19:07,039] root - INFO - Data Transformation Config: DataTransformationConfig(time_series_data_file_path='C:\\Users\\Sumeet Maheshwari\\Desktop\\end to end project\\sales_store\\Store_sales_forcasting_Timeseries\\Sales_Forecasting_Artifact\\Artifact\\data_transformation\\2023-07-15-12-17-08\\transformed_data\\time_series_data', feature_engineering_object_file_path='C:\\Users\\Sumeet Maheshwari\\Desktop\\end to end project\\sales_store\\Store_sales_forcasting_Timeseries\\Sales_Forecasting_Artifact\\Artifact\\data_transformation\\2023-07-15-12-17-08\\preprocessed\\feat_eng.pkl')
[2023-07-15 12:19:07,039] root - INFO - 
******************** Data Transformation log started ********************


[2023-07-15 12:19:07,048] root - INFO - Obtaining file from file path 
[2023-07-15 12:19:07,049] root - INFO - Loading Data as pandas dataframe.
[2023-07-15 12:19:12,482] root - INFO -  Data columns Index(['date', 'store_nbr', 'family', 'sales', 'onpromotion', 'holiday_type',
       'locale', 'locale_name', 'description', 'transferred', 'oil_price',
       'city', 'state', 'store_type', 'cluster', 'transactions', 'year',
       'month', 'week', 'quarter', 'day_of_week'],
      dtype='object')
[2023-07-15 12:19:12,483] root - INFO - Numerical columns: ['store_nbr', 'onpromotion', 'oil_price', 'cluster', 'transactions']
[2023-07-15 12:19:12,483] root - INFO - Categorical columns: ['family', 'holiday_type', 'locale', 'locale_name', 'description', 'city', 'state', 'store_type', 'transferred']
[2023-07-15 12:19:12,483] root - INFO - Target Column: ['sales']
[2023-07-15 12:19:12,483] root - INFO - Date column :['date']
[2023-07-15 12:19:12,483] root - INFO - All columns: ['store_nbr', 'onpromotion', 'oil_price', 'cluster', 'transactions', 'family', 'holiday_type', 'locale', 'locale_name', 'description', 'city', 'state', 'store_type', 'transferred', 'date', 'sales']
[2023-07-15 12:19:12,829] root - INFO - Obtaining feature engineering object.
[2023-07-15 12:19:12,829] root - INFO - 
******************** Feature Engneering Started ********************


[2023-07-15 12:19:12,829] root - INFO -  Numerical Columns , Categorical Columns , Target Column initialised in Feature engineering Pipeline 
[2023-07-15 12:19:12,830] root - INFO - Applying feature engineering object on training dataframe and testing dataframe
[2023-07-15 12:19:12,830] root - INFO - >>>>>>>>>>>>>>>>>>>>>>>>>>>>>>>>>>>>>>>>>>>>>>>>>>>>>>>>>>>> Training data <<<<<<<<<<<<<<<<<<<<<<<<<<<<<<<<<<<<<<<<<<<<<<<<<<<<<<<<<<<<
[2023-07-15 12:19:12,830] root - INFO - Feature Enineering - Train Data 
[2023-07-15 12:19:12,830] root - INFO - Columns not found: ['year', 'month', 'week', 'quarter', 'day_of_week']
[2023-07-15 12:19:13,139] root - INFO - Dropping columns for time series analysis ['family', 'locale', 'locale_name', 'description', 'city', 'state', 'cluster', 'transactions', 'transferred', 'store_nbr', 'store_type', 'holiday_type', 'onpromotion']
[2023-07-15 12:19:13,225] root - INFO -  Oil Price column renamed 
[2023-07-15 12:19:13,542] root - INFO - Shape before removing duplicates: (3054348, 3)
[2023-07-15 12:19:13,542] root - INFO - Shape after removing duplicates: (1127250, 3)
[2023-07-15 12:19:13,542] root - INFO - Count of duplicate values: 1927098
[2023-07-15 12:19:13,554] root - INFO - No missing values found in the dataframe.
[2023-07-15 12:19:13,554] root - INFO - 'id' column not found. Skipping dropping operation.
[2023-07-15 12:19:13,554] root - INFO - Dropping rows with null values...
[2023-07-15 12:19:13,567] root - INFO - Resetting DataFrame index...
[2023-07-15 12:19:13,567] root - INFO - Columns dropped, null values removed, and index reset.
[2023-07-15 12:19:13,567] root - INFO - Removing outliers in column 'oil_price' using IQR method...
[2023-07-15 12:19:13,587] root - INFO - Number of outliers removed in column 'oil_price': 0
[2023-07-15 12:19:13,599] root - INFO - Column 'oil_price' modified: 0 outliers modified
[2023-07-15 12:19:13,599] root - INFO - Columns after modification Index(['oil_price', 'date', 'sales'], dtype='object')
[2023-07-15 12:19:13,599] root - INFO -  Data Modification Done
[2023-07-15 12:19:13,599] root - INFO - Column Data Types:
[2023-07-15 12:19:13,600] root - INFO - Column: 'oil_price': float64
[2023-07-15 12:19:13,600] root - INFO - Column: 'date': datetime64[ns]
[2023-07-15 12:19:13,600] root - INFO - Column: 'sales': float64
[2023-07-15 12:19:13,629] root - INFO - Data Wrangling Done
[2023-07-15 12:19:13,630] root - INFO - Columns for Feature Engineering : ['store_nbr', 'onpromotion', 'oil_price', 'cluster', 'transactions', 'family', 'holiday_type', 'locale', 'locale_name', 'description', 'city', 'state', 'store_type', 'transferred', 'date', 'sales']
[2023-07-15 12:19:13,630] root - INFO - Feature Engineering - Train Completed
[2023-07-15 12:19:13,630] root - INFO - Saving Feature Engineering Object
[2023-07-15 12:19:25,647] root - INFO - Data Transformation Artifact: DataTransformationArtifact(message='Data transformation successfull.', time_series_data_file_path='C:\\Users\\Sumeet Maheshwari\\Desktop\\end to end project\\sales_store\\Store_sales_forcasting_Timeseries\\Sales_Forecasting_Artifact\\Artifact\\data_transformation\\2023-07-15-12-17-08\\transformed_data\\time_series_data\\time_model_file_name.csv', feature_engineering_object_file_path='C:\\Users\\Sumeet Maheshwari\\Desktop\\end to end project\\sales_store\\Store_sales_forcasting_Timeseries\\Sales_Forecasting_Artifact\\Artifact\\data_transformation\\2023-07-15-12-17-08\\preprocessed\\feat_eng.pkl')
[2023-07-15 12:19:25,660] root - INFO - 
******************** Data Transformation log completed ********************


[2023-07-15 12:19:25,661] root - INFO - Model Trainer Config : ModelTrainerConfig(trained_model_file_path='C:\\Users\\Sumeet Maheshwari\\Desktop\\end to end project\\sales_store\\Store_sales_forcasting_Timeseries\\Sales_Forecasting_Artifact\\Artifact\\model_training\\2023-07-15-12-17-08\\trained_time_model\\model.pkl', time_Series_grouped_data='C:\\Users\\Sumeet Maheshwari\\Desktop\\end to end project\\sales_store\\Store_sales_forcasting_Timeseries\\Sales_Forecasting_Artifact\\Artifact\\model_training\\2023-07-15-12-17-08\\trained_time_model\\grouped_data.csv', model_report='C:\\Users\\Sumeet Maheshwari\\Desktop\\end to end project\\sales_store\\Store_sales_forcasting_Timeseries\\Sales_Forecasting_Artifact\\Artifact\\model_training\\2023-07-15-12-17-08\\trained_time_model\\model.yaml', prediction_image='C:\\Users\\Sumeet Maheshwari\\Desktop\\end to end project\\sales_store\\Store_sales_forcasting_Timeseries\\Sales_Forecasting_Artifact\\Artifact\\model_training\\2023-07-15-12-17-08\\trained_time_model\\prediction.png', best_model_png='C:\\Users\\Sumeet Maheshwari\\Desktop\\end to end project\\sales_store\\Store_sales_forcasting_Timeseries\\Sales_Forecasting_Artifact\\Artifact\\model_training\\2023-07-15-12-17-08\\trained_time_model', saved_model_file_path='C:\\Users\\Sumeet Maheshwari\\Desktop\\end to end project\\sales_store\\Store_sales_forcasting_Timeseries\\saved_models\\model.pkl', saved_report_file_path='C:\\Users\\Sumeet Maheshwari\\Desktop\\end to end project\\sales_store\\Store_sales_forcasting_Timeseries\\saved_models\\model.yaml', saved_model_plot='C:\\Users\\Sumeet Maheshwari\\Desktop\\end to end project\\sales_store\\Store_sales_forcasting_Timeseries\\saved_models')
[2023-07-15 12:19:25,661] root - INFO - 
******************** Model Training started ********************


[2023-07-15 12:19:25,663] root - INFO - Finding Feature engineered data 
[2023-07-15 12:19:25,663] root - INFO - Accessing Feature Trained csv
[2023-07-15 12:19:26,504] root - INFO -  Columns : Index(['store_nbr', 'onpromotion', 'oil_price', 'cluster', 'transactions',
       'family', 'holiday_type', 'locale', 'locale_name', 'description',
       'city', 'state', 'store_type', 'transferred', 'sales'],
      dtype='object')
[2023-07-15 12:19:26,598] root - INFO - -----------------------------
[2023-07-15 12:19:26,599] root - INFO - Starting SARIMA Model Training
[2023-07-15 12:19:26,601] root - INFO - Model Training Started: SARIMAX with EXOG data
[2023-07-15 12:19:26,602] root - ERROR - 
                        error occured in script: 
                        [C:\Users\Sumeet Maheshwari\Desktop\end to end project\sales_store\Store_sales_forcasting_Timeseries\store_sales\pipeline\training_pipeline.py] at 
                        try block line number: [95] execption block line number: [99]
                        error message: [
                        error occured in script: 
                        [C:\Users\Sumeet Maheshwari\Desktop\end to end project\sales_store\Store_sales_forcasting_Timeseries\store_sales\pipeline\training_pipeline.py] at 
                        try block line number: [70] execption block line number: [72]
                        error message: [
                        error occured in script: 
                        [C:\Users\Sumeet Maheshwari\Desktop\end to end project\sales_store\Store_sales_forcasting_Timeseries\store_sales\components\Model_Trainer_Time_Series.py] at 
                        try block line number: [473] execption block line number: [533]
                        error message: [Boolean array expected for the condition, not float64]]]
[2023-07-15 12:19:26,618] root - INFO - 
******************** Model Training log completed ********************


