[2023-07-21 11:04:06,896] root - INFO - Training pipleine config: TrainingPipelineConfig(artifact_dir='C:\\Users\\Sumeet Maheshwari\\Desktop\\end to end project\\sales_store\\Store_sales_forcasting_Timeseries\\Sales_Forecasting_Artifact\\Artifact')
[2023-07-21 11:04:06,915] werkzeug - WARNING -  * Debugger is active!
[2023-07-21 11:04:06,918] werkzeug - INFO -  * Debugger PIN: 344-037-183
[2023-07-21 11:04:19,966] werkzeug - INFO - 127.0.0.1 - - [21/Jul/2023 11:04:19] "GET / HTTP/1.1" 200 -
[2023-07-21 11:04:32,906] root - INFO - Model Name :Prophet
[2023-07-21 11:04:32,907] root - INFO - Prophet prediction started
[2023-07-21 11:04:32,907] root - INFO - Columns dropped
[2023-07-21 11:04:32,993] root - INFO - df copyed
[2023-07-21 11:04:33,536] root - INFO - unnecessary columns dropped
[2023-07-21 11:04:33,543] root - INFO - rename done
[2023-07-21 11:04:33,593] root - INFO - df_gp series created
[2023-07-21 11:04:33,593] root - INFO - df_gp dataframe created
[2023-07-21 11:04:33,606] root - INFO - Predictions stated
[2023-07-21 11:04:33,829] root - INFO - Prediction completed
[2023-07-21 11:04:33,857] root - INFO -             ds         trend    yhat_lower  ...  multiplicative_terms_lower  multiplicative_terms_upper           yhat
0   2016-01-01 786985.273201 669350.161288  ...                    0.000000                    0.000000  808447.542071
1   2016-01-02 787182.790562 847214.915700  ...                    0.000000                    0.000000  985560.119652
2   2016-01-03 787380.307923 892928.363744  ...                    0.000000                    0.000000 1030626.969330
3   2016-01-04 787577.825284 671224.084975  ...                    0.000000                    0.000000  810224.102863
4   2016-01-05 787775.342645 610271.392719  ...                    0.000000                    0.000000  750096.359352
..         ...           ...           ...  ...                         ...                         ...            ...
587 2017-08-11 896023.796921 591363.438096  ...                    0.000000                    0.000000  734396.613229
588 2017-08-12 896271.243706 788518.280410  ...                    0.000000                    0.000000  922972.298925
589 2017-08-13 896518.690492 839346.103276  ...                    0.000000                    0.000000  980286.951753
590 2017-08-14 896766.137277 629451.813511  ...                    0.000000                    0.000000  771251.426536
591 2017-08-15 897013.584062 580211.314984  ...                    0.000000                    0.000000  725727.571901

[592 rows x 25 columns]
[2023-07-21 11:04:33,857] root - INFO - <class 'pandas.core.frame.DataFrame'>
[2023-07-21 11:04:33,857] root - INFO - New_dataframe created.
[2023-07-21 11:04:33,858] root - INFO - date columns is converted into datetime format
[2023-07-21 11:04:33,858] root - INFO - Converting date columns into index
[2023-07-21 11:04:33,858] root - INFO - converted date columns into index
[2023-07-21 11:04:33,858] root - INFO - Updated new df created
[2023-07-21 11:04:33,859] root - INFO - None
[2023-07-21 11:04:33,868] root - INFO - print('last_few_values:'         date  oil_price      sales
0  2017-05-08  46.460000 435.638325
1  2017-05-09  45.840000 401.689786
2  2017-05-10  47.280000 429.911283
3  2017-05-11  47.810000 364.001354
4  2017-05-12  47.830000 429.187663
..        ...        ...        ...
95 2017-08-11  48.810000 463.733851
96 2017-08-12  48.810000 444.798280
97 2017-08-13  48.810000 485.768618
98 2017-08-14  47.590000 427.004717
99 2017-08-15  47.570000 427.980884

[100 rows x 3 columns])
[2023-07-21 11:04:33,868] root - INFO - print('last_few_values index:'RangeIndex(start=0, stop=100, step=1))
[2023-07-21 11:04:33,895] root - INFO - print('predictions:'            ds         trend    yhat_lower  ...  multiplicative_terms_lower  multiplicative_terms_upper           yhat
0   2016-01-01 786985.273201 669350.161288  ...                    0.000000                    0.000000  808447.542071
1   2016-01-02 787182.790562 847214.915700  ...                    0.000000                    0.000000  985560.119652
2   2016-01-03 787380.307923 892928.363744  ...                    0.000000                    0.000000 1030626.969330
3   2016-01-04 787577.825284 671224.084975  ...                    0.000000                    0.000000  810224.102863
4   2016-01-05 787775.342645 610271.392719  ...                    0.000000                    0.000000  750096.359352
..         ...           ...           ...  ...                         ...                         ...            ...
587 2017-08-11 896023.796921 591363.438096  ...                    0.000000                    0.000000  734396.613229
588 2017-08-12 896271.243706 788518.280410  ...                    0.000000                    0.000000  922972.298925
589 2017-08-13 896518.690492 839346.103276  ...                    0.000000                    0.000000  980286.951753
590 2017-08-14 896766.137277 629451.813511  ...                    0.000000                    0.000000  771251.426536
591 2017-08-15 897013.584062 580211.314984  ...                    0.000000                    0.000000  725727.571901

[592 rows x 25 columns])
[2023-07-21 11:04:33,895] root - INFO - print('predictions index:'RangeIndex(start=0, stop=592, step=1))
[2023-07-21 11:04:33,895] root - INFO - <class 'pandas.core.frame.DataFrame'>
[2023-07-21 11:04:33,895] root - INFO - <class 'pandas.core.frame.DataFrame'>
[2023-07-21 11:04:34,056] werkzeug - INFO - 127.0.0.1 - - [21/Jul/2023 11:04:34] "[35m[1mPOST / HTTP/1.1[0m" 500 -
[2023-07-21 11:04:34,384] werkzeug - INFO - 127.0.0.1 - - [21/Jul/2023 11:04:34] "[36mGET /?__debugger__=yes&cmd=resource&f=debugger.js HTTP/1.1[0m" 304 -
[2023-07-21 11:04:34,384] werkzeug - INFO - 127.0.0.1 - - [21/Jul/2023 11:04:34] "[36mGET /?__debugger__=yes&cmd=resource&f=style.css HTTP/1.1[0m" 304 -
[2023-07-21 11:04:34,400] werkzeug - INFO - 127.0.0.1 - - [21/Jul/2023 11:04:34] "[36mGET /?__debugger__=yes&cmd=resource&f=console.png HTTP/1.1[0m" 304 -
[2023-07-21 11:04:34,589] werkzeug - INFO - 127.0.0.1 - - [21/Jul/2023 11:04:34] "[36mGET /?__debugger__=yes&cmd=resource&f=console.png HTTP/1.1[0m" 304 -
[2023-07-21 11:06:44,322] werkzeug - INFO -  * Detected change in 'C:\\Users\\Sumeet Maheshwari\\Desktop\\end to end project\\sales_store\\Store_sales_forcasting_Timeseries\\Prediction\\batch_prediction.py', reloading
[2023-07-21 11:06:44,324] werkzeug - INFO -  * Detected change in 'C:\\Users\\Sumeet Maheshwari\\Desktop\\end to end project\\sales_store\\Store_sales_forcasting_Timeseries\\Prediction\\batch_prediction.py', reloading
