[2023-07-16 13:42:12,547] root - INFO - Training pipleine config: TrainingPipelineConfig(artifact_dir='C:\\Users\\Sumeet Maheshwari\\Desktop\\end to end project\\sales_store\\Store_sales_forcasting_Timeseries\\Sales_Forecasting_Artifact\\Artifact')
[2023-07-16 13:42:12,574] werkzeug - WARNING -  * Debugger is active!
[2023-07-16 13:42:12,579] werkzeug - INFO -  * Debugger PIN: 344-037-183
[2023-07-16 13:42:12,635] werkzeug - INFO - 127.0.0.1 - - [16/Jul/2023 13:42:12] "GET / HTTP/1.1" 200 -
[2023-07-16 13:42:29,667] root - INFO - Model Name :Prophet
[2023-07-16 13:42:29,670] root - INFO - Prophet prediction started
[2023-07-16 13:42:29,671] root - INFO - Columns dropped
[2023-07-16 13:42:29,842] root - INFO - df copyed
[2023-07-16 13:42:30,935] root - INFO - unnecessary columns dropped
[2023-07-16 13:42:30,945] root - INFO - rename done
[2023-07-16 13:42:31,055] root - INFO - df_gp series created
[2023-07-16 13:42:31,055] root - INFO - df_gp dataframe created
[2023-07-16 13:42:31,139] root - INFO - Predictions stated
[2023-07-16 13:42:31,541] root - INFO - Prediction completed
[2023-07-16 13:42:31,616] root - INFO -             ds         trend    yhat_lower  ...  multiplicative_terms_lower  multiplicative_terms_upper           yhat
0   2016-01-01 786985.273201 652354.178646  ...                    0.000000                    0.000000  808447.542071
1   2016-01-02 787182.790562 846467.202784  ...                    0.000000                    0.000000  985560.119652
2   2016-01-03 787380.307923 905792.060694  ...                    0.000000                    0.000000 1030626.969330
3   2016-01-04 787577.825284 674348.764108  ...                    0.000000                    0.000000  810224.102863
4   2016-01-05 787775.342645 609832.113690  ...                    0.000000                    0.000000  750096.359352
..         ...           ...           ...  ...                         ...                         ...            ...
587 2017-08-11 896023.796921 586756.076733  ...                    0.000000                    0.000000  734396.613229
588 2017-08-12 896271.243706 787877.297668  ...                    0.000000                    0.000000  922972.298925
589 2017-08-13 896518.690492 842342.987382  ...                    0.000000                    0.000000  980286.951753
590 2017-08-14 896766.137277 637793.600344  ...                    0.000000                    0.000000  771251.426536
591 2017-08-15 897013.584062 594986.084677  ...                    0.000000                    0.000000  725727.571901

[592 rows x 25 columns]
[2023-07-16 13:42:31,616] root - INFO - <class 'pandas.core.frame.DataFrame'>
[2023-07-16 13:42:31,668] root - INFO - <class 'pandas.core.frame.DataFrame'>
[2023-07-16 13:42:31,680] root - INFO - <class 'pandas.core.frame.DataFrame'>
[2023-07-16 13:42:32,031] werkzeug - INFO - 127.0.0.1 - - [16/Jul/2023 13:42:32] "[35m[1mPOST / HTTP/1.1[0m" 500 -
[2023-07-16 13:42:32,789] werkzeug - INFO - 127.0.0.1 - - [16/Jul/2023 13:42:32] "[36mGET /?__debugger__=yes&cmd=resource&f=debugger.js HTTP/1.1[0m" 304 -
[2023-07-16 13:42:32,804] werkzeug - INFO - 127.0.0.1 - - [16/Jul/2023 13:42:32] "[36mGET /?__debugger__=yes&cmd=resource&f=style.css HTTP/1.1[0m" 304 -
[2023-07-16 13:42:32,839] werkzeug - INFO - 127.0.0.1 - - [16/Jul/2023 13:42:32] "[36mGET /?__debugger__=yes&cmd=resource&f=console.png HTTP/1.1[0m" 304 -
[2023-07-16 13:42:33,217] werkzeug - INFO - 127.0.0.1 - - [16/Jul/2023 13:42:33] "[36mGET /?__debugger__=yes&cmd=resource&f=console.png HTTP/1.1[0m" 304 -
[2023-07-16 13:43:05,355] werkzeug - INFO -  * Detected change in 'C:\\Users\\Sumeet Maheshwari\\Desktop\\end to end project\\sales_store\\Store_sales_forcasting_Timeseries\\Prediction\\batch_prediction.py', reloading
[2023-07-16 13:43:05,355] werkzeug - INFO -  * Detected change in 'C:\\Users\\Sumeet Maheshwari\\Desktop\\end to end project\\sales_store\\Store_sales_forcasting_Timeseries\\Prediction\\batch_prediction.py', reloading
[2023-07-16 13:43:05,356] werkzeug - INFO -  * Detected change in 'C:\\Users\\Sumeet Maheshwari\\Desktop\\end to end project\\sales_store\\Store_sales_forcasting_Timeseries\\Prediction\\batch_prediction.py', reloading
[2023-07-16 13:43:05,357] werkzeug - INFO -  * Detected change in 'C:\\Users\\Sumeet Maheshwari\\Desktop\\end to end project\\sales_store\\Store_sales_forcasting_Timeseries\\Prediction\\batch_prediction.py', reloading
