[2023-07-21 11:13:43,953] root - INFO - Training pipleine config: TrainingPipelineConfig(artifact_dir='C:\\Users\\Sumeet Maheshwari\\Desktop\\end to end project\\sales_store\\Store_sales_forcasting_Timeseries\\Sales_Forecasting_Artifact\\Artifact')
[2023-07-21 11:13:43,972] werkzeug - WARNING -  * Debugger is active!
[2023-07-21 11:13:43,974] werkzeug - INFO -  * Debugger PIN: 344-037-183
[2023-07-21 11:13:47,236] werkzeug - INFO - 127.0.0.1 - - [21/Jul/2023 11:13:47] "GET / HTTP/1.1" 200 -
[2023-07-21 11:13:59,694] root - INFO - Model Name :Prophet
[2023-07-21 11:13:59,695] root - INFO - Prophet prediction started
[2023-07-21 11:13:59,695] root - INFO - Columns dropped
[2023-07-21 11:13:59,798] root - INFO - df copyed
[2023-07-21 11:14:00,454] root - INFO - unnecessary columns dropped
[2023-07-21 11:14:00,460] root - INFO - rename done
[2023-07-21 11:14:00,512] root - INFO - df_gp series created
[2023-07-21 11:14:00,513] root - INFO - df_gp dataframe created
[2023-07-21 11:14:00,527] root - INFO - Predictions stated
[2023-07-21 11:14:00,689] root - INFO - Prediction completed
[2023-07-21 11:14:00,714] root - INFO -             ds         trend    yhat_lower  ...  multiplicative_terms_lower  multiplicative_terms_upper           yhat
0   2016-01-01 786985.273201 676206.966505  ...                    0.000000                    0.000000  808447.542071
1   2016-01-02 787182.790562 851691.149897  ...                    0.000000                    0.000000  985560.119652
2   2016-01-03 787380.307923 895392.260467  ...                    0.000000                    0.000000 1030626.969330
3   2016-01-04 787577.825284 683360.736278  ...                    0.000000                    0.000000  810224.102863
4   2016-01-05 787775.342645 617854.812104  ...                    0.000000                    0.000000  750096.359352
..         ...           ...           ...  ...                         ...                         ...            ...
587 2017-08-11 896023.796921 593673.505947  ...                    0.000000                    0.000000  734396.613229
588 2017-08-12 896271.243706 784142.989493  ...                    0.000000                    0.000000  922972.298925
589 2017-08-13 896518.690492 849239.938549  ...                    0.000000                    0.000000  980286.951753
590 2017-08-14 896766.137277 636697.027081  ...                    0.000000                    0.000000  771251.426536
591 2017-08-15 897013.584062 588216.985369  ...                    0.000000                    0.000000  725727.571901

[592 rows x 25 columns]
[2023-07-21 11:14:00,714] root - INFO - <class 'pandas.core.frame.DataFrame'>
[2023-07-21 11:14:00,714] root - INFO - New_dataframe created.
[2023-07-21 11:14:00,714] root - INFO - date columns is converted into datetime format
[2023-07-21 11:14:00,714] root - INFO - Converting date columns into index
[2023-07-21 11:14:00,714] root - INFO - converted date columns into index
[2023-07-21 11:14:00,714] root - INFO - Updated new df created
[2023-07-21 11:14:00,729] root - INFO - print('last_few_values:'    oil_price      sales
0   46.460000 435.638325
1   45.840000 401.689786
2   47.280000 429.911283
3   47.810000 364.001354
4   47.830000 429.187663
..        ...        ...
95  48.810000 463.733851
96  48.810000 444.798280
97  48.810000 485.768618
98  47.590000 427.004717
99  47.570000 427.980884

[100 rows x 2 columns])
[2023-07-21 11:14:00,729] root - INFO - print('last_few_values index:'RangeIndex(start=0, stop=100, step=1))
[2023-07-21 11:14:00,748] root - INFO - print('predictions:'                   trend    yhat_lower     yhat_upper  ...  multiplicative_terms_lower  multiplicative_terms_upper           yhat
ds                                                     ...                                                                       
2016-01-01 786985.273201 676206.966505  949204.359760  ...                    0.000000                    0.000000  808447.542071
2016-01-02 787182.790562 851691.149897 1132522.760756  ...                    0.000000                    0.000000  985560.119652
2016-01-03 787380.307923 895392.260467 1169242.472541  ...                    0.000000                    0.000000 1030626.969330
2016-01-04 787577.825284 683360.736278  951341.635044  ...                    0.000000                    0.000000  810224.102863
2016-01-05 787775.342645 617854.812104  886600.633213  ...                    0.000000                    0.000000  750096.359352
...                  ...           ...            ...  ...                         ...                         ...            ...
2017-08-11 896023.796921 593673.505947  861902.335523  ...                    0.000000                    0.000000  734396.613229
2017-08-12 896271.243706 784142.989493 1054720.941007  ...                    0.000000                    0.000000  922972.298925
2017-08-13 896518.690492 849239.938549 1116424.710051  ...                    0.000000                    0.000000  980286.951753
2017-08-14 896766.137277 636697.027081  904989.073742  ...                    0.000000                    0.000000  771251.426536
2017-08-15 897013.584062 588216.985369  858754.241791  ...                    0.000000                    0.000000  725727.571901

[592 rows x 24 columns])
[2023-07-21 11:14:00,749] root - INFO - print('predictions index:'DatetimeIndex(['2016-01-01', '2016-01-02', '2016-01-03', '2016-01-04',
               '2016-01-05', '2016-01-06', '2016-01-07', '2016-01-08',
               '2016-01-09', '2016-01-10',
               ...
               '2017-08-06', '2017-08-07', '2017-08-08', '2017-08-09',
               '2017-08-10', '2017-08-11', '2017-08-12', '2017-08-13',
               '2017-08-14', '2017-08-15'],
              dtype='datetime64[ns]', name='ds', length=592, freq=None))
[2023-07-21 11:14:00,750] root - INFO - <class 'pandas.core.frame.DataFrame'>
[2023-07-21 11:14:00,750] root - INFO - <class 'pandas.core.frame.DataFrame'>
[2023-07-21 11:14:00,914] werkzeug - INFO - 127.0.0.1 - - [21/Jul/2023 11:14:00] "[35m[1mPOST / HTTP/1.1[0m" 500 -
[2023-07-21 11:14:01,259] werkzeug - INFO - 127.0.0.1 - - [21/Jul/2023 11:14:01] "[36mGET /?__debugger__=yes&cmd=resource&f=style.css HTTP/1.1[0m" 304 -
[2023-07-21 11:14:01,260] werkzeug - INFO - 127.0.0.1 - - [21/Jul/2023 11:14:01] "[36mGET /?__debugger__=yes&cmd=resource&f=debugger.js HTTP/1.1[0m" 304 -
[2023-07-21 11:14:01,275] werkzeug - INFO - 127.0.0.1 - - [21/Jul/2023 11:14:01] "[36mGET /?__debugger__=yes&cmd=resource&f=console.png HTTP/1.1[0m" 304 -
[2023-07-21 11:14:01,462] werkzeug - INFO - 127.0.0.1 - - [21/Jul/2023 11:14:01] "[36mGET /?__debugger__=yes&cmd=resource&f=console.png HTTP/1.1[0m" 304 -
[2023-07-21 11:14:55,963] werkzeug - INFO -  * Detected change in 'C:\\Users\\Sumeet Maheshwari\\Desktop\\end to end project\\sales_store\\Store_sales_forcasting_Timeseries\\Prediction\\batch_prediction.py', reloading
[2023-07-21 11:14:55,964] werkzeug - INFO -  * Detected change in 'C:\\Users\\Sumeet Maheshwari\\Desktop\\end to end project\\sales_store\\Store_sales_forcasting_Timeseries\\Prediction\\batch_prediction.py', reloading
[2023-07-21 11:14:55,964] werkzeug - INFO -  * Detected change in 'C:\\Users\\Sumeet Maheshwari\\Desktop\\end to end project\\sales_store\\Store_sales_forcasting_Timeseries\\Prediction\\batch_prediction.py', reloading
