[2023-07-21 10:57:08,315] root - INFO - Training pipleine config: TrainingPipelineConfig(artifact_dir='C:\\Users\\Sumeet Maheshwari\\Desktop\\end to end project\\sales_store\\Store_sales_forcasting_Timeseries\\Sales_Forecasting_Artifact\\Artifact')
[2023-07-21 10:57:08,336] werkzeug - WARNING -  * Debugger is active!
[2023-07-21 10:57:08,339] werkzeug - INFO -  * Debugger PIN: 344-037-183
[2023-07-21 10:57:08,374] werkzeug - INFO - 127.0.0.1 - - [21/Jul/2023 10:57:08] "GET / HTTP/1.1" 200 -
[2023-07-21 10:57:19,330] root - INFO - Model Name :Prophet
[2023-07-21 10:57:19,331] root - INFO - Prophet prediction started
[2023-07-21 10:57:19,331] root - INFO - Columns dropped
[2023-07-21 10:57:19,450] root - INFO - df copyed
[2023-07-21 10:57:20,049] root - INFO - unnecessary columns dropped
[2023-07-21 10:57:20,055] root - INFO - rename done
[2023-07-21 10:57:20,104] root - INFO - df_gp series created
[2023-07-21 10:57:20,104] root - INFO - df_gp dataframe created
[2023-07-21 10:57:20,113] root - INFO - Predictions stated
[2023-07-21 10:57:20,281] root - INFO - Prediction completed
[2023-07-21 10:57:20,308] root - INFO -             ds         trend    yhat_lower  ...  multiplicative_terms_lower  multiplicative_terms_upper           yhat
0   2016-01-01 786985.273201 673565.284731  ...                    0.000000                    0.000000  808447.542071
1   2016-01-02 787182.790562 846585.286877  ...                    0.000000                    0.000000  985560.119652
2   2016-01-03 787380.307923 899952.925910  ...                    0.000000                    0.000000 1030626.969330
3   2016-01-04 787577.825284 679394.713650  ...                    0.000000                    0.000000  810224.102863
4   2016-01-05 787775.342645 613857.993641  ...                    0.000000                    0.000000  750096.359352
..         ...           ...           ...  ...                         ...                         ...            ...
587 2017-08-11 896023.796921 592470.396777  ...                    0.000000                    0.000000  734396.613229
588 2017-08-12 896271.243706 790392.214168  ...                    0.000000                    0.000000  922972.298925
589 2017-08-13 896518.690492 837258.176534  ...                    0.000000                    0.000000  980286.951753
590 2017-08-14 896766.137277 636465.774998  ...                    0.000000                    0.000000  771251.426536
591 2017-08-15 897013.584062 589358.911022  ...                    0.000000                    0.000000  725727.571901

[592 rows x 25 columns]
[2023-07-21 10:57:20,308] root - INFO - <class 'pandas.core.frame.DataFrame'>
[2023-07-21 10:57:20,309] root - INFO - New_dataframe created.
[2023-07-21 10:57:20,309] root - INFO - date columns is converted into datetime format
[2023-07-21 10:57:20,309] root - INFO - Converting date columns into index
[2023-07-21 10:57:20,309] root - INFO - converted date columns into index
[2023-07-21 10:57:20,309] root - INFO - Updated new df created
[2023-07-21 10:57:20,310] root - INFO - None
[2023-07-21 10:57:20,311] root - INFO - <class 'pandas.core.frame.DataFrame'>
[2023-07-21 10:57:20,311] root - INFO - <class 'pandas.core.frame.DataFrame'>
[2023-07-21 10:57:20,462] werkzeug - INFO - 127.0.0.1 - - [21/Jul/2023 10:57:20] "[35m[1mPOST / HTTP/1.1[0m" 500 -
[2023-07-21 10:57:20,819] werkzeug - INFO - 127.0.0.1 - - [21/Jul/2023 10:57:20] "[36mGET /?__debugger__=yes&cmd=resource&f=style.css HTTP/1.1[0m" 304 -
[2023-07-21 10:57:20,820] werkzeug - INFO - 127.0.0.1 - - [21/Jul/2023 10:57:20] "[36mGET /?__debugger__=yes&cmd=resource&f=debugger.js HTTP/1.1[0m" 304 -
[2023-07-21 10:57:20,862] werkzeug - INFO - 127.0.0.1 - - [21/Jul/2023 10:57:20] "[36mGET /?__debugger__=yes&cmd=resource&f=console.png HTTP/1.1[0m" 304 -
[2023-07-21 10:57:21,036] werkzeug - INFO - 127.0.0.1 - - [21/Jul/2023 10:57:21] "[36mGET /?__debugger__=yes&cmd=resource&f=console.png HTTP/1.1[0m" 304 -
[2023-07-21 10:59:02,404] werkzeug - INFO -  * Detected change in 'C:\\Users\\Sumeet Maheshwari\\Desktop\\end to end project\\sales_store\\Store_sales_forcasting_Timeseries\\Prediction\\batch_prediction.py', reloading
[2023-07-21 10:59:02,406] werkzeug - INFO -  * Detected change in 'C:\\Users\\Sumeet Maheshwari\\Desktop\\end to end project\\sales_store\\Store_sales_forcasting_Timeseries\\Prediction\\batch_prediction.py', reloading
[2023-07-21 10:59:02,408] werkzeug - INFO -  * Detected change in 'C:\\Users\\Sumeet Maheshwari\\Desktop\\end to end project\\sales_store\\Store_sales_forcasting_Timeseries\\Prediction\\batch_prediction.py', reloading
