[2023-07-17 12:30:59,781] root - INFO - Training pipleine config: TrainingPipelineConfig(artifact_dir='C:\\Users\\Sumeet Maheshwari\\Desktop\\end to end project\\sales_store\\Store_sales_forcasting_Timeseries\\Sales_Forecasting_Artifact\\Artifact')
[2023-07-17 12:30:59,801] werkzeug - WARNING -  * Debugger is active!
[2023-07-17 12:30:59,805] werkzeug - INFO -  * Debugger PIN: 344-037-183
[2023-07-17 12:31:02,367] werkzeug - INFO - 127.0.0.1 - - [17/Jul/2023 12:31:02] "GET / HTTP/1.1" 200 -
[2023-07-17 12:31:04,836] werkzeug - INFO - 127.0.0.1 - - [17/Jul/2023 12:31:04] "[33mGET /favicon.ico HTTP/1.1[0m" 404 -
[2023-07-17 12:31:18,297] root - INFO - Model Name :Prophet
[2023-07-17 12:31:18,298] root - INFO - Prophet prediction started
[2023-07-17 12:31:18,298] root - INFO - Columns dropped
[2023-07-17 12:31:18,384] root - INFO - df copyed
[2023-07-17 12:31:18,983] root - INFO - unnecessary columns dropped
[2023-07-17 12:31:18,992] root - INFO - rename done
[2023-07-17 12:31:19,055] root - INFO - df_gp series created
[2023-07-17 12:31:19,056] root - INFO - df_gp dataframe created
[2023-07-17 12:31:19,106] root - INFO - Predictions stated
[2023-07-17 12:31:19,367] root - INFO - Prediction completed
[2023-07-17 12:31:19,393] root - INFO -             ds         trend    yhat_lower  ...  multiplicative_terms_lower  multiplicative_terms_upper           yhat
0   2016-01-01 786985.273201 670981.989635  ...                    0.000000                    0.000000  808447.542071
1   2016-01-02 787182.790562 843762.385649  ...                    0.000000                    0.000000  985560.119652
2   2016-01-03 787380.307923 885659.913998  ...                    0.000000                    0.000000 1030626.969330
3   2016-01-04 787577.825284 666728.609926  ...                    0.000000                    0.000000  810224.102863
4   2016-01-05 787775.342645 614187.874897  ...                    0.000000                    0.000000  750096.359352
..         ...           ...           ...  ...                         ...                         ...            ...
587 2017-08-11 896023.796921 596971.245890  ...                    0.000000                    0.000000  734396.613229
588 2017-08-12 896271.243706 782538.952307  ...                    0.000000                    0.000000  922972.298925
589 2017-08-13 896518.690492 843362.852684  ...                    0.000000                    0.000000  980286.951753
590 2017-08-14 896766.137277 635557.446790  ...                    0.000000                    0.000000  771251.426536
591 2017-08-15 897013.584062 587573.898452  ...                    0.000000                    0.000000  725727.571901

[592 rows x 25 columns]
[2023-07-17 12:31:19,393] root - INFO - <class 'pandas.core.frame.DataFrame'>
[2023-07-17 12:31:19,402] root - INFO - New_dataframe created.
[2023-07-17 12:31:19,402] root - INFO - date columns is converted into datetime format
[2023-07-17 12:31:19,402] root - INFO - Converting date columns into index
[2023-07-17 12:31:19,422] werkzeug - INFO -  * Detected change in 'C:\\Users\\Sumeet Maheshwari\\anaconda3\\Lib\\site-packages\\flask\\app.py', reloading
[2023-07-17 12:31:19,424] werkzeug - INFO -  * Detected change in 'C:\\Users\\Sumeet Maheshwari\\anaconda3\\Lib\\site-packages\\pandas\\util\\_decorators.py', reloading
[2023-07-17 12:31:19,427] werkzeug - INFO -  * Detected change in 'C:\\Users\\Sumeet Maheshwari\\anaconda3\\Lib\\site-packages\\pandas\\core\\frame.py', reloading
[2023-07-17 12:31:19,438] werkzeug - INFO - 127.0.0.1 - - [17/Jul/2023 12:31:19] "[35m[1mPOST / HTTP/1.1[0m" 500 -
[2023-07-17 12:31:19,731] werkzeug - INFO - 127.0.0.1 - - [17/Jul/2023 12:31:19] "[36mGET /?__debugger__=yes&cmd=resource&f=style.css HTTP/1.1[0m" 304 -
[2023-07-17 12:31:19,735] werkzeug - INFO - 127.0.0.1 - - [17/Jul/2023 12:31:19] "[36mGET /?__debugger__=yes&cmd=resource&f=debugger.js HTTP/1.1[0m" 304 -
[2023-07-17 12:31:19,750] werkzeug - INFO - 127.0.0.1 - - [17/Jul/2023 12:31:19] "[36mGET /?__debugger__=yes&cmd=resource&f=console.png HTTP/1.1[0m" 304 -
[2023-07-17 12:31:19,937] werkzeug - INFO - 127.0.0.1 - - [17/Jul/2023 12:31:19] "[36mGET /?__debugger__=yes&cmd=resource&f=console.png HTTP/1.1[0m" 304 -
