[2023-07-18 14:05:59,023] root - INFO - Training pipleine config: TrainingPipelineConfig(artifact_dir='C:\\Users\\Sumeet Maheshwari\\Desktop\\end to end project\\sales_store\\Store_sales_forcasting_Timeseries\\Sales_Forecasting_Artifact\\Artifact')
[2023-07-18 14:05:59,059] werkzeug - WARNING -  * Debugger is active!
[2023-07-18 14:05:59,069] werkzeug - INFO -  * Debugger PIN: 344-037-183
[2023-07-18 14:06:09,626] root - INFO - Model Name :Prophet
[2023-07-18 14:06:09,627] root - INFO - Prophet prediction started
[2023-07-18 14:06:09,627] root - INFO - Columns dropped
[2023-07-18 14:06:09,802] root - INFO - df copyed
[2023-07-18 14:06:10,966] root - INFO - unnecessary columns dropped
[2023-07-18 14:06:10,985] root - INFO - rename done
[2023-07-18 14:06:11,100] root - INFO - df_gp series created
[2023-07-18 14:06:11,100] root - INFO - df_gp dataframe created
[2023-07-18 14:06:11,122] root - INFO - Predictions stated
[2023-07-18 14:06:11,530] root - INFO - Prediction completed
[2023-07-18 14:06:11,593] root - INFO -             ds         trend    yhat_lower  ...  multiplicative_terms_lower  multiplicative_terms_upper           yhat
0   2016-01-01 786985.273201 680100.934019  ...                    0.000000                    0.000000  808447.542071
1   2016-01-02 787182.790562 843968.797681  ...                    0.000000                    0.000000  985560.119652
2   2016-01-03 787380.307923 891284.068681  ...                    0.000000                    0.000000 1030626.969330
3   2016-01-04 787577.825284 687361.455383  ...                    0.000000                    0.000000  810224.102863
4   2016-01-05 787775.342645 612307.946395  ...                    0.000000                    0.000000  750096.359352
..         ...           ...           ...  ...                         ...                         ...            ...
587 2017-08-11 896023.796921 591649.624756  ...                    0.000000                    0.000000  734396.613229
588 2017-08-12 896271.243706 785660.254725  ...                    0.000000                    0.000000  922972.298925
589 2017-08-13 896518.690492 859112.400997  ...                    0.000000                    0.000000  980286.951753
590 2017-08-14 896766.137277 644384.988197  ...                    0.000000                    0.000000  771251.426536
591 2017-08-15 897013.584062 585318.147602  ...                    0.000000                    0.000000  725727.571901

[592 rows x 25 columns]
[2023-07-18 14:06:11,593] root - INFO - <class 'pandas.core.frame.DataFrame'>
[2023-07-18 14:06:11,594] root - INFO - New_dataframe created.
[2023-07-18 14:06:11,594] root - INFO - date columns is converted into datetime format
[2023-07-18 14:06:11,594] root - INFO - Converting date columns into index
[2023-07-18 14:06:11,594] root - INFO - converted date columns into index
[2023-07-18 14:06:11,594] root - INFO - Updated new df created
[2023-07-18 14:06:11,596] root - INFO - <class 'pandas.core.frame.DataFrame'>
[2023-07-18 14:06:11,597] root - INFO - <class 'pandas.core.frame.DataFrame'>
[2023-07-18 14:06:12,194] werkzeug - INFO -  * Detected change in 'C:\\Users\\Sumeet Maheshwari\\anaconda3\\Lib\\site-packages\\matplotlib\\pyplot.py', reloading
[2023-07-18 14:06:12,201] werkzeug - INFO -  * Detected change in 'C:\\Users\\Sumeet Maheshwari\\anaconda3\\Lib\\site-packages\\matplotlib\\axes\\_axes.py', reloading
[2023-07-18 14:06:12,208] werkzeug - INFO -  * Detected change in 'C:\\Users\\Sumeet Maheshwari\\anaconda3\\Lib\\site-packages\\matplotlib\\axes\\_base.py', reloading
[2023-07-18 14:06:12,214] werkzeug - INFO -  * Detected change in 'C:\\Users\\Sumeet Maheshwari\\anaconda3\\Lib\\site-packages\\matplotlib\\cbook\\__init__.py', reloading
[2023-07-18 14:06:12,228] werkzeug - INFO -  * Detected change in 'C:\\Users\\Sumeet Maheshwari\\anaconda3\\Lib\\site-packages\\pandas\\core\\indexes\\base.py', reloading
[2023-07-18 14:06:12,289] werkzeug - INFO - 127.0.0.1 - - [18/Jul/2023 14:06:12] "[35m[1mPOST / HTTP/1.1[0m" 500 -
[2023-07-18 14:06:13,025] werkzeug - INFO - 127.0.0.1 - - [18/Jul/2023 14:06:13] "[36mGET /?__debugger__=yes&cmd=resource&f=debugger.js HTTP/1.1[0m" 304 -
[2023-07-18 14:06:13,027] werkzeug - INFO - 127.0.0.1 - - [18/Jul/2023 14:06:13] "[36mGET /?__debugger__=yes&cmd=resource&f=style.css HTTP/1.1[0m" 304 -
[2023-07-18 14:06:13,049] werkzeug - INFO - 127.0.0.1 - - [18/Jul/2023 14:06:13] "[36mGET /?__debugger__=yes&cmd=resource&f=console.png HTTP/1.1[0m" 304 -
[2023-07-18 14:06:13,236] werkzeug - INFO - 127.0.0.1 - - [18/Jul/2023 14:06:13] "[36mGET /?__debugger__=yes&cmd=resource&f=console.png HTTP/1.1[0m" 304 -
