[2023-07-18 14:04:48,657] root - INFO - Training pipleine config: TrainingPipelineConfig(artifact_dir='C:\\Users\\Sumeet Maheshwari\\Desktop\\end to end project\\sales_store\\Store_sales_forcasting_Timeseries\\Sales_Forecasting_Artifact\\Artifact')
[2023-07-18 14:04:48,693] werkzeug - WARNING -  * Debugger is active!
[2023-07-18 14:04:48,701] werkzeug - INFO -  * Debugger PIN: 344-037-183
[2023-07-18 14:04:48,786] werkzeug - INFO - 127.0.0.1 - - [18/Jul/2023 14:04:48] "GET / HTTP/1.1" 200 -
[2023-07-18 14:04:50,681] werkzeug - INFO - 127.0.0.1 - - [18/Jul/2023 14:04:50] "[33mGET /favicon.ico HTTP/1.1[0m" 404 -
[2023-07-18 14:05:11,048] root - INFO - Model Name :Prophet
[2023-07-18 14:05:11,050] root - INFO - Prophet prediction started
[2023-07-18 14:05:11,051] root - INFO - Columns dropped
[2023-07-18 14:05:11,212] root - INFO - df copyed
[2023-07-18 14:05:12,473] root - INFO - unnecessary columns dropped
[2023-07-18 14:05:12,488] root - INFO - rename done
[2023-07-18 14:05:12,625] root - INFO - df_gp series created
[2023-07-18 14:05:12,625] root - INFO - df_gp dataframe created
[2023-07-18 14:05:12,662] root - INFO - Predictions stated
[2023-07-18 14:05:13,224] root - INFO - Prediction completed
[2023-07-18 14:05:13,310] root - INFO -             ds         trend    yhat_lower  ...  multiplicative_terms_lower  multiplicative_terms_upper           yhat
0   2016-01-01 786985.273201 675982.512344  ...                    0.000000                    0.000000  808447.542071
1   2016-01-02 787182.790562 856005.587552  ...                    0.000000                    0.000000  985560.119652
2   2016-01-03 787380.307923 892683.613314  ...                    0.000000                    0.000000 1030626.969330
3   2016-01-04 787577.825284 673907.238566  ...                    0.000000                    0.000000  810224.102863
4   2016-01-05 787775.342645 609683.421310  ...                    0.000000                    0.000000  750096.359352
..         ...           ...           ...  ...                         ...                         ...            ...
587 2017-08-11 896023.796921 600200.349066  ...                    0.000000                    0.000000  734396.613229
588 2017-08-12 896271.243706 780993.314453  ...                    0.000000                    0.000000  922972.298925
589 2017-08-13 896518.690492 840841.725556  ...                    0.000000                    0.000000  980286.951753
590 2017-08-14 896766.137277 633739.150364  ...                    0.000000                    0.000000  771251.426536
591 2017-08-15 897013.584062 598003.022084  ...                    0.000000                    0.000000  725727.571901

[592 rows x 25 columns]
[2023-07-18 14:05:13,311] root - INFO - <class 'pandas.core.frame.DataFrame'>
[2023-07-18 14:05:13,312] root - INFO - New_dataframe created.
[2023-07-18 14:05:13,312] root - INFO - date columns is converted into datetime format
[2023-07-18 14:05:13,312] root - INFO - Converting date columns into index
[2023-07-18 14:05:13,373] werkzeug - INFO -  * Detected change in 'C:\\Users\\Sumeet Maheshwari\\anaconda3\\Lib\\site-packages\\flask\\app.py', reloading
[2023-07-18 14:05:13,378] werkzeug - INFO -  * Detected change in 'C:\\Users\\Sumeet Maheshwari\\anaconda3\\Lib\\site-packages\\pandas\\util\\_decorators.py', reloading
[2023-07-18 14:05:13,386] werkzeug - INFO -  * Detected change in 'C:\\Users\\Sumeet Maheshwari\\anaconda3\\Lib\\site-packages\\pandas\\core\\frame.py', reloading
[2023-07-18 14:05:13,427] werkzeug - INFO - 127.0.0.1 - - [18/Jul/2023 14:05:13] "[35m[1mPOST / HTTP/1.1[0m" 500 -
[2023-07-18 14:05:14,126] werkzeug - INFO - 127.0.0.1 - - [18/Jul/2023 14:05:14] "[36mGET /?__debugger__=yes&cmd=resource&f=style.css HTTP/1.1[0m" 304 -
[2023-07-18 14:05:14,127] werkzeug - INFO - 127.0.0.1 - - [18/Jul/2023 14:05:14] "[36mGET /?__debugger__=yes&cmd=resource&f=debugger.js HTTP/1.1[0m" 304 -
[2023-07-18 14:05:14,274] werkzeug - INFO - 127.0.0.1 - - [18/Jul/2023 14:05:14] "[36mGET /?__debugger__=yes&cmd=resource&f=console.png HTTP/1.1[0m" 304 -
