[2023-07-21 11:24:42,912] root - INFO - Training pipleine config: TrainingPipelineConfig(artifact_dir='C:\\Users\\Sumeet Maheshwari\\Desktop\\end to end project\\sales_store\\Store_sales_forcasting_Timeseries\\Sales_Forecasting_Artifact\\Artifact')
[2023-07-21 11:24:42,928] werkzeug - WARNING -  * Debugger is active!
[2023-07-21 11:24:42,930] werkzeug - INFO -  * Debugger PIN: 344-037-183
[2023-07-21 11:24:49,989] werkzeug - INFO - 127.0.0.1 - - [21/Jul/2023 11:24:49] "GET / HTTP/1.1" 200 -
[2023-07-21 11:24:58,380] root - INFO - Model Name :Prophet
[2023-07-21 11:24:58,380] root - INFO - Prophet prediction started
[2023-07-21 11:24:58,381] root - INFO - Columns dropped
[2023-07-21 11:24:58,440] root - INFO - df copyed
[2023-07-21 11:24:58,791] root - INFO - unnecessary columns dropped
[2023-07-21 11:24:58,796] root - INFO - rename done
[2023-07-21 11:24:58,831] root - INFO - df_gp series created
[2023-07-21 11:24:58,831] root - INFO - df_gp dataframe created
[2023-07-21 11:24:58,839] root - INFO - Predictions stated
[2023-07-21 11:24:58,977] root - INFO - Prediction completed
[2023-07-21 11:24:59,000] root - INFO -             ds         trend    yhat_lower  ...  multiplicative_terms_lower  multiplicative_terms_upper           yhat
0   2016-01-01 786985.273201 679112.562971  ...                    0.000000                    0.000000  808447.542071
1   2016-01-02 787182.790562 852402.594531  ...                    0.000000                    0.000000  985560.119652
2   2016-01-03 787380.307923 896796.318659  ...                    0.000000                    0.000000 1030626.969330
3   2016-01-04 787577.825284 670924.474876  ...                    0.000000                    0.000000  810224.102863
4   2016-01-05 787775.342645 623291.350710  ...                    0.000000                    0.000000  750096.359352
..         ...           ...           ...  ...                         ...                         ...            ...
587 2017-08-11 896023.796921 601251.563694  ...                    0.000000                    0.000000  734396.613229
588 2017-08-12 896271.243706 799953.254389  ...                    0.000000                    0.000000  922972.298925
589 2017-08-13 896518.690492 849707.164719  ...                    0.000000                    0.000000  980286.951753
590 2017-08-14 896766.137277 635249.872094  ...                    0.000000                    0.000000  771251.426536
591 2017-08-15 897013.584062 591767.732203  ...                    0.000000                    0.000000  725727.571901

[592 rows x 25 columns]
[2023-07-21 11:24:59,001] root - INFO - <class 'pandas.core.frame.DataFrame'>
[2023-07-21 11:24:59,122] werkzeug - INFO - 127.0.0.1 - - [21/Jul/2023 11:24:59] "[35m[1mPOST / HTTP/1.1[0m" 500 -
[2023-07-21 11:24:59,465] werkzeug - INFO - 127.0.0.1 - - [21/Jul/2023 11:24:59] "[36mGET /?__debugger__=yes&cmd=resource&f=style.css HTTP/1.1[0m" 304 -
[2023-07-21 11:24:59,465] werkzeug - INFO - 127.0.0.1 - - [21/Jul/2023 11:24:59] "[36mGET /?__debugger__=yes&cmd=resource&f=debugger.js HTTP/1.1[0m" 304 -
[2023-07-21 11:24:59,516] werkzeug - INFO - 127.0.0.1 - - [21/Jul/2023 11:24:59] "[36mGET /?__debugger__=yes&cmd=resource&f=console.png HTTP/1.1[0m" 304 -
[2023-07-21 11:24:59,707] werkzeug - INFO - 127.0.0.1 - - [21/Jul/2023 11:24:59] "[36mGET /?__debugger__=yes&cmd=resource&f=console.png HTTP/1.1[0m" 304 -
[2023-07-21 11:26:29,784] werkzeug - INFO -  * Detected change in 'C:\\Users\\Sumeet Maheshwari\\Desktop\\end to end project\\sales_store\\Store_sales_forcasting_Timeseries\\Prediction\\batch_prediction.py', reloading
[2023-07-21 11:26:29,785] werkzeug - INFO -  * Detected change in 'C:\\Users\\Sumeet Maheshwari\\Desktop\\end to end project\\sales_store\\Store_sales_forcasting_Timeseries\\Prediction\\batch_prediction.py', reloading
[2023-07-21 11:26:29,785] werkzeug - INFO -  * Detected change in 'C:\\Users\\Sumeet Maheshwari\\Desktop\\end to end project\\sales_store\\Store_sales_forcasting_Timeseries\\Prediction\\batch_prediction.py', reloading
[2023-07-21 11:26:29,785] werkzeug - INFO -  * Detected change in 'C:\\Users\\Sumeet Maheshwari\\Desktop\\end to end project\\sales_store\\Store_sales_forcasting_Timeseries\\Prediction\\batch_prediction.py', reloading
